#
# There is insufficient memory for the Java Runtime Environment to continue.
# Native memory allocation (malloc) failed to allocate 213936 bytes for Chunk::new
# Possible reasons:
#   The system is out of physical RAM or swap space
#   In 32 bit mode, the process size limit was hit
# Possible solutions:
#   Reduce memory load on the system
#   Increase physical memory or swap space
#   Check if swap backing store is full
#   Use 64 bit Java on a 64 bit OS
#   Decrease Java heap size (-Xmx/-Xms)
#   Decrease number of Java threads
#   Decrease Java thread stack sizes (-Xss)
#   Set larger code cache with -XX:ReservedCodeCacheSize=
# This output file may be truncated or incomplete.
#
#  Out of Memory Error (allocation.cpp:390), pid=17120, tid=7308
#
# JRE version: Java(TM) SE Runtime Environment (8.0_51-b16) (build 1.8.0_51-b16)
# Java VM: Java HotSpot(TM) 64-Bit Server VM (25.51-b03 mixed mode windows-amd64 compressed oops)
# Failed to write core dump. Minidumps are not enabled by default on client versions of Windows
#

---------------  T H R E A D  ---------------

Current thread (0x0000000016185800):  JavaThread "C2 CompilerThread1" daemon [_thread_in_native, id=7308, stack(0x0000000016530000,0x0000000016630000)]

Stack: [0x0000000016530000,0x0000000016630000]
Native frames: (J=compiled Java code, j=interpreted, Vv=VM code, C=native code)
V  [jvm.dll+0x32b4ca]


Current CompileTask:
C2:   8796 1551       4       com.android.dx.ssa.LocalVariableInfo::mergeStarts (59 bytes)


---------------  P R O C E S S  ---------------

Java Threads: ( => current thread )
  0x000000001637c000 JavaThread "pool-1-thread-4" [_thread_in_vm, id=16604, stack(0x0000000016d30000,0x0000000016e30000)]
  0x0000000016192000 JavaThread "Service Thread" daemon [_thread_blocked, id=11432, stack(0x0000000016730000,0x0000000016830000)]
  0x000000001618b800 JavaThread "C1 CompilerThread2" daemon [_thread_blocked, id=13120, stack(0x0000000016630000,0x0000000016730000)]
=>0x0000000016185800 JavaThread "C2 CompilerThread1" daemon [_thread_in_native, id=7308, stack(0x0000000016530000,0x0000000016630000)]
  0x0000000014b1c000 JavaThread "C2 CompilerThread0" daemon [_thread_in_native, id=4140, stack(0x0000000016030000,0x0000000016130000)]
  0x0000000014b19000 JavaThread "Attach Listener" daemon [_thread_blocked, id=13752, stack(0x0000000015f30000,0x0000000016030000)]
  0x0000000014ace800 JavaThread "Signal Dispatcher" daemon [_thread_blocked, id=16324, stack(0x0000000015e30000,0x0000000015f30000)]
  0x00000000022f6800 JavaThread "Finalizer" daemon [_thread_blocked, id=17160, stack(0x0000000015d30000,0x0000000015e30000)]
  0x00000000022ee800 JavaThread "Reference Handler" daemon [_thread_blocked, id=10744, stack(0x0000000015c30000,0x0000000015d30000)]
  0x0000000002202800 JavaThread "main" [_thread_in_vm, id=12264, stack(0x0000000001e10000,0x0000000001f10000)]

Other Threads:
  0x0000000014a87800 VMThread [stack: 0x0000000015b30000,0x0000000015c30000] [id=16908]
  0x0000000016194000 WatcherThread [stack: 0x0000000016830000,0x0000000016930000] [id=8076]

VM state:not at safepoint (normal execution)

VM Mutex/Monitor currently owned by a thread: None

Heap:
 PSYoungGen      total 38400K, used 25330K [0x00000000eab00000, 0x00000000ef600000, 0x0000000100000000)
  eden space 33280K, 60% used [0x00000000eab00000,0x00000000ebec2e38,0x00000000ecb80000)
  from space 5120K, 99% used [0x00000000ecb80000,0x00000000ed0799d0,0x00000000ed080000)
  to   space 5120K, 0% used [0x00000000ef100000,0x00000000ef100000,0x00000000ef600000)
 ParOldGen       total 87552K, used 2821K [0x00000000c0000000, 0x00000000c5580000, 0x00000000eab00000)
  object space 87552K, 3% used [0x00000000c0000000,0x00000000c02c17e0,0x00000000c5580000)
 Metaspace       used 6191K, capacity 7088K, committed 7296K, reserved 1056768K
  class space    used 593K, capacity 616K, committed 640K, reserved 1048576K

Card table byte_map: [0x00000000117b0000,0x00000000119c0000] byte_map_base: 0x00000000111b0000

Marking Bits: (ParMarkBitMap*) 0x00000000680a4040
 Begin Bits: [0x0000000011f20000, 0x0000000012f20000)
 End Bits:   [0x0000000012f20000, 0x0000000013f20000)

Polling page: 0x0000000000660000

CodeCache: size=245760Kb used=6702Kb max_used=6702Kb free=239057Kb
 bounds [0x00000000023f0000, 0x0000000002a90000, 0x00000000113f0000]
 total_blobs=1841 nmethods=1569 adapters=184
 compilation: enabled

Compilation events (10 events):
Event: 8.787 Thread 0x000000001618b800 1570   !   3       java.util.concurrent.ThreadPoolExecutor::getTask (179 bytes)
Event: 8.788 Thread 0x000000001618b800 nmethod 1570 0x0000000002a7dfd0 code [0x0000000002a7e220, 0x0000000002a7f358]
Event: 8.788 Thread 0x000000001618b800 1571       1       com.android.dx.dex.file.ClassDefItem::getThisClass (5 bytes)
Event: 8.788 Thread 0x000000001618b800 nmethod 1571 0x0000000002a58b50 code [0x0000000002a58ca0, 0x0000000002a58db0]
Event: 8.788 Thread 0x000000001618b800 1572       3       java.util.concurrent.locks.ReentrantLock::lockInterruptibly (9 bytes)
Event: 8.789 Thread 0x000000001618b800 nmethod 1572 0x0000000002a7f9d0 code [0x0000000002a7fb80, 0x0000000002a80098]
Event: 8.790 Thread 0x000000001618b800 1573       3       java.util.HashMap$EntryIterator::next (5 bytes)
Event: 8.790 Thread 0x000000001618b800 nmethod 1573 0x0000000002a802d0 code [0x0000000002a80440, 0x0000000002a80728]
Event: 8.792 Thread 0x000000001618b800 1575       3       java.util.concurrent.FutureTask::get (23 bytes)
Event: 8.792 Thread 0x000000001618b800 nmethod 1575 0x0000000002a819d0 code [0x0000000002a81b40, 0x0000000002a81d58]

GC Heap History (2 events):
Event: 6.498 GC heap before
{Heap before GC invocations=1 (full 0):
 PSYoungGen      total 38400K, used 33280K [0x00000000eab00000, 0x00000000ed580000, 0x0000000100000000)
  eden space 33280K, 100% used [0x00000000eab00000,0x00000000ecb80000,0x00000000ecb80000)
  from space 5120K, 0% used [0x00000000ed080000,0x00000000ed080000,0x00000000ed580000)
  to   space 5120K, 0% used [0x00000000ecb80000,0x00000000ecb80000,0x00000000ed080000)
 ParOldGen       total 87552K, used 0K [0x00000000c0000000, 0x00000000c5580000, 0x00000000eab00000)
  object space 87552K, 0% used [0x00000000c0000000,0x00000000c0000000,0x00000000c5580000)
 Metaspace       used 6008K, capacity 6960K, committed 7040K, reserved 1056768K
  class space    used 591K, capacity 616K, committed 640K, reserved 1048576K
Event: 7.673 GC heap after
Heap after GC invocations=1 (full 0):
 PSYoungGen      total 38400K, used 5094K [0x00000000eab00000, 0x00000000ef600000, 0x0000000100000000)
  eden space 33280K, 0% used [0x00000000eab00000,0x00000000eab00000,0x00000000ecb80000)
  from space 5120K, 99% used [0x00000000ecb80000,0x00000000ed0799d0,0x00000000ed080000)
  to   space 5120K, 0% used [0x00000000ef100000,0x00000000ef100000,0x00000000ef600000)
 ParOldGen       total 87552K, used 2821K [0x00000000c0000000, 0x00000000c5580000, 0x00000000eab00000)
  object space 87552K, 3% used [0x00000000c0000000,0x00000000c02c17e0,0x00000000c5580000)
 Metaspace       used 6008K, capacity 6960K, committed 7040K, reserved 1056768K
  class space    used 591K, capacity 616K, committed 640K, reserved 1048576K
}

Deoptimization events (10 events):
Event: 3.965 Thread 0x00000000162ad000 Uncommon trap: reason=class_check action=maybe_recompile pc=0x00000000026a2f30 method=com.android.dx.ssa.NormalSsaInsn.accept(Lcom/android/dx/ssa/SsaInsn$Visitor;)V @ 9
Event: 3.965 Thread 0x00000000162ad000 Uncommon trap: reason=class_check action=maybe_recompile pc=0x00000000026a2f30 method=com.android.dx.ssa.NormalSsaInsn.accept(Lcom/android/dx/ssa/SsaInsn$Visitor;)V @ 9
Event: 3.966 Thread 0x00000000162ad000 Uncommon trap: reason=class_check action=maybe_recompile pc=0x00000000027e5894 method=com.android.dx.ssa.NormalSsaInsn.accept(Lcom/android/dx/ssa/SsaInsn$Visitor;)V @ 9
Event: 3.973 Thread 0x0000000002202800 Uncommon trap: reason=unloaded action=reinterpret pc=0x00000000026fcca0 method=com.android.dx.cf.cst.ConstantPoolParser.parse0(ILjava/util/BitSet;)Lcom/android/dx/rop/cst/Constant; @ 475
Event: 3.993 Thread 0x000000001637c000 Uncommon trap: reason=uninitialized action=reinterpret pc=0x00000000027f39b8 method=com.android.dx.cf.code.BytecodeArray.parseInstruction(ILcom/android/dx/cf/code/BytecodeArray$Visitor;)I @ 871
Event: 4.513 Thread 0x000000001637a800 Uncommon trap: reason=class_check action=maybe_recompile pc=0x00000000027cab60 method=com.android.dx.rop.type.Type.equals(Ljava/lang/Object;)Z @ 8
Event: 4.513 Thread 0x000000001637a800 Uncommon trap: reason=class_check action=maybe_recompile pc=0x00000000027cab60 method=com.android.dx.rop.type.Type.equals(Ljava/lang/Object;)Z @ 8
Event: 4.525 Thread 0x000000001637a800 Uncommon trap: reason=null_check action=make_not_entrant pc=0x00000000028b40bc method=com.android.dx.ssa.SsaRenamer.getLocalForNewReg(I)Lcom/android/dx/rop/code/LocalItem; @ 19
Event: 4.555 Thread 0x000000001637c000 Uncommon trap: reason=null_check action=make_not_entrant pc=0x00000000028af3a0 method=com.android.dx.rop.type.Type.equals(Ljava/lang/Object;)Z @ 8
Event: 4.680 Thread 0x00000000162a5000 Uncommon trap: reason=null_check action=make_not_entrant pc=0x00000000028c710c method=com.android.dx.ssa.SsaRenamer.getLocalForNewReg(I)Lcom/android/dx/rop/code/LocalItem; @ 19

Internal exceptions (5 events):
Event: 0.089 Thread 0x0000000002202800 Exception <a 'java/lang/NoSuchMethodError': Method sun.misc.Unsafe.defineClass(Ljava/lang/String;[BII)Ljava/lang/Class; name or signature does not match> (0x00000000eab12f08) thrown at [C:\re\workspace\8-2-build-windows-amd64-cygwin\jdk8u51\3951\hotspot\sry|zÁµ¶?
Event: 0.089 Thread 0x0000000002202800 Exception <a 'java/lang/NoSuchMethodError': Method sun.misc.Unsafe.prefetchRead(Ljava/lang/Object;J)V name or signature does not match> (0x00000000eab13198) thrown at [C:\re\workspace\8-2-build-windows-amd64-cygwin\jdk8u51\3951\hotspot\src\share\vm\prims\jCäÕ:ù@
Event: 4.525 Thread 0x000000001637a800 Implicit null exception at 0x00000000028b19c7 to 0x00000000028b4095
Event: 4.555 Thread 0x000000001637c000 Implicit null exception at 0x00000000028af2a2 to 0x00000000028af392
Event: 4.680 Thread 0x00000000162a5000 Implicit null exception at 0x00000000028c5996 to 0x00000000028c70c1

Events (10 events):
Event: 8.733 loading class java/util/HashMap$KeySet
Event: 8.733 loading class java/util/HashMap$KeySet done
Event: 8.734 loading class java/util/HashMap$KeyIterator
Event: 8.734 loading class java/util/HashMap$KeyIterator done
Event: 8.740 loading class com/android/dx/rop/code/RegisterSpec$1
Event: 8.740 loading class com/android/dx/rop/code/RegisterSpec$1 done
Event: 8.775 Thread 0x000000001637a800 Thread exited: 0x000000001637a800
Event: 8.780 Thread 0x00000000162ad000 Thread exited: 0x00000000162ad000
Event: 8.785 Thread 0x00000000162a5000 Thread exited: 0x00000000162a5000
Event: 8.792 Thread 0x00000000162a5800 Thread exited: 0x00000000162a5800


Dynamic libraries:
0x00007ff732d40000 - 0x00007ff732d77000 	C:\Program Files\Java\jdk1.8.0_51\bin\java.exe
0x00007ff887920000 - 0x00007ff887acc000 	C:\Windows\SYSTEM32\ntdll.dll
0x00007ff884e90000 - 0x00007ff884fce000 	C:\Windows\system32\KERNEL32.DLL
0x00007ff8847f0000 - 0x00007ff884905000 	C:\Windows\system32\KERNELBASE.dll
0x00007ff883280000 - 0x00007ff88330e000 	C:\Windows\system32\apphelp.dll
0x00007ff86ea60000 - 0x00007ff86eab3000 	C:\Windows\AppPatch\AppPatch64\AcGenral.DLL
0x00007ff885d10000 - 0x00007ff885dba000 	C:\Windows\system32\msvcrt.dll
0x00007ff884520000 - 0x00007ff88454e000 	C:\Windows\SYSTEM32\SspiCli.dll
0x00007ff885030000 - 0x00007ff885084000 	C:\Windows\system32\SHLWAPI.dll
0x00007ff887420000 - 0x00007ff887597000 	C:\Windows\system32\USER32.dll
0x00007ff885a70000 - 0x00007ff885c04000 	C:\Windows\system32\ole32.dll
0x00007ff885dc0000 - 0x00007ff8872d9000 	C:\Windows\system32\SHELL32.dll
0x00007ff883cf0000 - 0x00007ff883d11000 	C:\Windows\SYSTEM32\USERENV.dll
0x00007ff8875a0000 - 0x00007ff88764a000 	C:\Windows\system32\ADVAPI32.dll
0x00007ff87c790000 - 0x00007ff87c7ae000 	C:\Windows\SYSTEM32\MPR.dll
0x00007ff885530000 - 0x00007ff885671000 	C:\Windows\system32\RPCRT4.dll
0x00007ff885c10000 - 0x00007ff885c69000 	C:\Windows\SYSTEM32\sechost.dll
0x00007ff885250000 - 0x00007ff885461000 	C:\Windows\SYSTEM32\combase.dll
0x00007ff8857b0000 - 0x00007ff885901000 	C:\Windows\system32\GDI32.dll
0x00007ff884680000 - 0x00007ff884695000 	C:\Windows\SYSTEM32\profapi.dll
0x00007ff8831c0000 - 0x00007ff883272000 	C:\Windows\SYSTEM32\SHCORE.dll
0x00007ff885770000 - 0x00007ff8857a6000 	C:\Windows\system32\IMM32.DLL
0x00007ff885910000 - 0x00007ff885a63000 	C:\Windows\system32\MSCTF.dll
0x00007ff8823d0000 - 0x00007ff88264b000 	C:\Windows\WinSxS\amd64_microsoft.windows.common-controls_6595b64144ccf1df_6.0.9600.17415_none_6240486fecbd8abb\COMCTL32.dll
0x0000000067420000 - 0x00000000674f2000 	C:\Program Files\Java\jdk1.8.0_51\jre\bin\msvcr100.dll
0x00000000678a0000 - 0x0000000068123000 	C:\Program Files\Java\jdk1.8.0_51\jre\bin\server\jvm.dll
0x00007ff87c810000 - 0x00007ff87c819000 	C:\Windows\SYSTEM32\WSOCK32.dll
0x00007ff8847b0000 - 0x00007ff8847d2000 	C:\Windows\system32\WINMM.dll
0x00007ff881e80000 - 0x00007ff881e8a000 	C:\Windows\SYSTEM32\VERSION.dll
0x00007ff884ca0000 - 0x00007ff884ca7000 	C:\Windows\system32\PSAPI.DLL
0x00007ff8873a0000 - 0x00007ff8873fa000 	C:\Windows\system32\WS2_32.dll
0x00007ff884760000 - 0x00007ff88478a000 	C:\Windows\system32\WINMMBASE.dll
0x00007ff8877c0000 - 0x00007ff8877c9000 	C:\Windows\system32\NSI.dll
0x00007ff884c50000 - 0x00007ff884c9f000 	C:\Windows\SYSTEM32\cfgmgr32.dll
0x00007ff884730000 - 0x00007ff884758000 	C:\Windows\system32\DEVOBJ.dll
0x0000000067890000 - 0x000000006789f000 	C:\Program Files\Java\jdk1.8.0_51\jre\bin\verify.dll
0x0000000067860000 - 0x0000000067889000 	C:\Program Files\Java\jdk1.8.0_51\jre\bin\java.dll
0x0000000067840000 - 0x0000000067856000 	C:\Program Files\Java\jdk1.8.0_51\jre\bin\zip.dll
0x00007ff867d50000 - 0x00007ff867eda000 	C:\Windows\SYSTEM32\dbghelp.dll

VM Arguments:
jvm_args: -Djava.awt.headless=true -Xmx1024M -Dfile.encoding=GBK -Duser.country=CN -Duser.language=zh -Duser.variant 
java_command: com.android.dx.command.Main --dex --num-threads=4 --output D:\Yakami Studio\Android Studio\Uranus\app\build\intermediates\pre-dexed\debug\debug_277369b27ad1cd6bf16202353af805bc85a0f79d.jar D:\Yakami Studio\Android Studio\Uranus\app\build\intermediates\classes\debug
java_class_path (initial): E:\AndroidSDK\build-tools\23.0.2\lib\dx.jar
Launcher Type: SUN_STANDARD

Environment Variables:
PATH=C:\Python27\;C:\Python27\Scripts;C:\ProgramData\Oracle\Java\javapath;C:\Program Files (x86)\NVIDIA Corporation\PhysX\Common;C:\Windows\system32;C:\Windows;C:\Windows\System32\Wbem;C:\Windows\System32\WindowsPowerShell\v1.0\;C:\Program Files (x86)\Windows Kits\8.1\Windows Performance Toolkit\;C:\Program Files\Microsoft SQL Server\110\Tools\Binn\;D:\Program Files (x86)\QuickTime\QTSystem\;C:\Program Files (x86)\Microsoft SQL Server\100\Tools\Binn\;C:\Program Files\Microsoft SQL Server\100\Tools\Binn\;C:\Program Files\Microsoft SQL Server\100\DTS\Binn\;C:\Program Files (x86)\Microsoft SQL Server\100\Tools\Binn\VSShell\Common7\IDE\;C:\Program Files (x86)\Microsoft Visual Studio 9.0\Common7\IDE\PrivateAssemblies\;C:\Program Files (x86)\Microsoft SQL Server\100\DTS\Binn\;C:\Program Files\Microsoft SQL Server\120\Tools\Binn\;C:\Program Files\nodejs\;C:\Users\Yakami\.dnx\bin;C:\Users\Yakami\AppData\Roaming\npm;C:\Users\Yakami\gradle\gradle-2.12\bin
USERNAME=Yakami
OS=Windows_NT
PROCESSOR_IDENTIFIER=Intel64 Family 6 Model 58 Stepping 9, GenuineIntel



---------------  S Y S T E M  ---------------

OS: Windows 8.1 , 64 bit Build 9600 (6.3.9600.17415)

CPU:total 4 (2 cores per cpu, 2 threads per core) family 6 model 58 stepping 9, cmov, cx8, fxsr, mmx, sse, sse2, sse3, ssse3, sse4.1, sse4.2, popcnt, avx, aes, clmul, erms, ht, tsc, tscinvbit, tscinv

Memory: 4k page, physical 8337772k(1001596k free), swap 12433772k(5128k free)

vm_info: Java HotSpot(TM) 64-Bit Server VM (25.51-b03) for windows-amd64 JRE (1.8.0_51-b16), built on Jun  8 2015 18:03:07 by "java_re" with MS VC++ 10.0 (VS2010)

time: Thu Apr 21 21:59:59 2016
elapsed time: 8 seconds (0d 0h 0m 8s)

