#
# There is insufficient memory for the Java Runtime Environment to continue.
# Native memory allocation (malloc) failed to allocate 47872 bytes for Chunk::new
# Possible reasons:
#   The system is out of physical RAM or swap space
#   In 32 bit mode, the process size limit was hit
# Possible solutions:
#   Reduce memory load on the system
#   Increase physical memory or swap space
#   Check if swap backing store is full
#   Use 64 bit Java on a 64 bit OS
#   Decrease Java heap size (-Xmx/-Xms)
#   Decrease number of Java threads
#   Decrease Java thread stack sizes (-Xss)
#   Set larger code cache with -XX:ReservedCodeCacheSize=
# This output file may be truncated or incomplete.
#
#  Out of Memory Error (allocation.cpp:390), pid=11688, tid=13240
#
# JRE version: Java(TM) SE Runtime Environment (8.0_51-b16) (build 1.8.0_51-b16)
# Java VM: Java HotSpot(TM) 64-Bit Server VM (25.51-b03 mixed mode windows-amd64 compressed oops)
# Failed to write core dump. Minidumps are not enabled by default on client versions of Windows
#

---------------  T H R E A D  ---------------

Current thread (0x00000000149cc000):  JavaThread "C2 CompilerThread0" daemon [_thread_in_native, id=13240, stack(0x0000000015ee0000,0x0000000015fe0000)]

Stack: [0x0000000015ee0000,0x0000000015fe0000]
Native frames: (J=compiled Java code, j=interpreted, Vv=VM code, C=native code)
V  [jvm.dll+0x32b4ca]


Current CompileTask:
C2:   8799 1777 %     4       com.android.dx.ssa.SCCP::run @ 133 (298 bytes)


---------------  P R O C E S S  ---------------

Java Threads: ( => current thread )
  0x0000000016281000 JavaThread "pool-1-thread-4" [_thread_blocked, id=17128, stack(0x0000000016be0000,0x0000000016ce0000)]
  0x0000000016280800 JavaThread "pool-1-thread-3" [_thread_in_Java, id=16116, stack(0x0000000016ae0000,0x0000000016be0000)]
  0x0000000016280000 JavaThread "pool-1-thread-2" [_thread_blocked, id=13500, stack(0x00000000169e0000,0x0000000016ae0000)]
  0x000000001627d000 JavaThread "pool-2-thread-1" [_thread_blocked, id=12464, stack(0x00000000168e0000,0x00000000169e0000)]
  0x000000001625c800 JavaThread "pool-1-thread-1" [_thread_in_vm, id=3684, stack(0x00000000167e0000,0x00000000168e0000)]
  0x0000000016049000 JavaThread "Service Thread" daemon [_thread_blocked, id=17140, stack(0x00000000165e0000,0x00000000166e0000)]
  0x0000000016043000 JavaThread "C1 CompilerThread2" daemon [_thread_blocked, id=4696, stack(0x00000000164e0000,0x00000000165e0000)]
  0x0000000016035800 JavaThread "C2 CompilerThread1" daemon [_thread_blocked, id=17336, stack(0x00000000163e0000,0x00000000164e0000)]
=>0x00000000149cc000 JavaThread "C2 CompilerThread0" daemon [_thread_in_native, id=13240, stack(0x0000000015ee0000,0x0000000015fe0000)]
  0x00000000149c9000 JavaThread "Attach Listener" daemon [_thread_blocked, id=15224, stack(0x0000000015de0000,0x0000000015ee0000)]
  0x000000001497e800 JavaThread "Signal Dispatcher" daemon [_thread_blocked, id=14652, stack(0x0000000015ce0000,0x0000000015de0000)]
  0x0000000002296800 JavaThread "Finalizer" daemon [_thread_blocked, id=13328, stack(0x0000000015be0000,0x0000000015ce0000)]
  0x000000000228d800 JavaThread "Reference Handler" daemon [_thread_blocked, id=16828, stack(0x0000000015ae0000,0x0000000015be0000)]
  0x000000000219d800 JavaThread "main" [_thread_in_Java, id=14692, stack(0x0000000002030000,0x0000000002130000)]

Other Threads:
  0x0000000014938800 VMThread [stack: 0x00000000159e0000,0x0000000015ae0000] [id=15756]
  0x000000001604b000 WatcherThread [stack: 0x00000000166e0000,0x00000000167e0000] [id=1200]

VM state:not at safepoint (normal execution)

VM Mutex/Monitor currently owned by a thread: None

Heap:
 PSYoungGen      total 71680K, used 66076K [0x00000000eab00000, 0x00000000ef600000, 0x0000000100000000)
  eden space 66560K, 91% used [0x00000000eab00000,0x00000000ee689658,0x00000000eec00000)
  from space 5120K, 99% used [0x00000000ef100000,0x00000000ef5fdae8,0x00000000ef600000)
  to   space 5120K, 0% used [0x00000000eec00000,0x00000000eec00000,0x00000000ef100000)
 ParOldGen       total 87552K, used 5772K [0x00000000c0000000, 0x00000000c5580000, 0x00000000eab00000)
  object space 87552K, 6% used [0x00000000c0000000,0x00000000c05a3350,0x00000000c5580000)
 Metaspace       used 6307K, capacity 7152K, committed 7296K, reserved 1056768K
  class space    used 597K, capacity 616K, committed 640K, reserved 1048576K

Card table byte_map: [0x0000000011660000,0x0000000011870000] byte_map_base: 0x0000000011060000

Marking Bits: (ParMarkBitMap*) 0x00000000680a4040
 Begin Bits: [0x0000000011dd0000, 0x0000000012dd0000)
 End Bits:   [0x0000000012dd0000, 0x0000000013dd0000)

Polling page: 0x0000000000550000

CodeCache: size=245760Kb used=8261Kb max_used=8273Kb free=237498Kb
 bounds [0x00000000022a0000, 0x0000000002ac0000, 0x00000000112a0000]
 total_blobs=2049 nmethods=1777 adapters=184
 compilation: enabled

Compilation events (10 events):
Event: 8.656 Thread 0x0000000016035800 1794       4       com.android.dx.rop.code.BasicBlockList::forEachInsn (39 bytes)
Event: 8.661 Thread 0x0000000016035800 nmethod 1794 0x0000000002a84d90 code [0x0000000002a84ee0, 0x0000000002a85198]
Event: 8.661 Thread 0x0000000016035800 1801       4       com.android.dx.ssa.SsaMethod::indexListFromLabelList (47 bytes)
Event: 8.674 Thread 0x0000000016035800 nmethod 1801 0x0000000002a9f9d0 code [0x0000000002a9fb40, 0x0000000002aa02f8]
Event: 8.674 Thread 0x0000000016035800 1789       4       com.android.dx.cf.code.LocalVariableList::pcAndIndexToLocal (51 bytes)
Event: 8.676 Thread 0x0000000016035800 nmethod 1789 0x0000000002a849d0 code [0x0000000002a84b20, 0x0000000002a84c58]
Event: 8.676 Thread 0x0000000016035800 1788       4       com.android.dx.ssa.SsaMethod::forEachBlockDepthFirstDom (128 bytes)
Event: 8.717 Thread 0x0000000016035800 nmethod 1788 0x0000000002a9ab90 code [0x0000000002a9ada0, 0x0000000002a9bc38]
Event: 8.717 Thread 0x0000000016035800 1784       4       com.android.dx.rop.code.BasicBlockList$RegCountVisitor::visitPlainCstInsn (6 bytes)
Event: 8.722 Thread 0x0000000016035800 nmethod 1784 0x0000000002a9dc90 code [0x0000000002a9dde0, 0x0000000002a9e058]

GC Heap History (4 events):
Event: 2.493 GC heap before
{Heap before GC invocations=1 (full 0):
 PSYoungGen      total 38400K, used 33280K [0x00000000eab00000, 0x00000000ed580000, 0x0000000100000000)
  eden space 33280K, 100% used [0x00000000eab00000,0x00000000ecb80000,0x00000000ecb80000)
  from space 5120K, 0% used [0x00000000ed080000,0x00000000ed080000,0x00000000ed580000)
  to   space 5120K, 0% used [0x00000000ecb80000,0x00000000ecb80000,0x00000000ed080000)
 ParOldGen       total 87552K, used 0K [0x00000000c0000000, 0x00000000c5580000, 0x00000000eab00000)
  object space 87552K, 0% used [0x00000000c0000000,0x00000000c0000000,0x00000000c5580000)
 Metaspace       used 6055K, capacity 6960K, committed 7040K, reserved 1056768K
  class space    used 596K, capacity 616K, committed 640K, reserved 1048576K
Event: 2.957 GC heap after
Heap after GC invocations=1 (full 0):
 PSYoungGen      total 38400K, used 5089K [0x00000000eab00000, 0x00000000ef600000, 0x0000000100000000)
  eden space 33280K, 0% used [0x00000000eab00000,0x00000000eab00000,0x00000000ecb80000)
  from space 5120K, 99% used [0x00000000ecb80000,0x00000000ed0786e0,0x00000000ed080000)
  to   space 5120K, 0% used [0x00000000ef100000,0x00000000ef100000,0x00000000ef600000)
 ParOldGen       total 87552K, used 1409K [0x00000000c0000000, 0x00000000c5580000, 0x00000000eab00000)
  object space 87552K, 1% used [0x00000000c0000000,0x00000000c0160760,0x00000000c5580000)
 Metaspace       used 6055K, capacity 6960K, committed 7040K, reserved 1056768K
  class space    used 596K, capacity 616K, committed 640K, reserved 1048576K
}
Event: 4.616 GC heap before
{Heap before GC invocations=2 (full 0):
 PSYoungGen      total 38400K, used 38369K [0x00000000eab00000, 0x00000000ef600000, 0x0000000100000000)
  eden space 33280K, 100% used [0x00000000eab00000,0x00000000ecb80000,0x00000000ecb80000)
  from space 5120K, 99% used [0x00000000ecb80000,0x00000000ed0786e0,0x00000000ed080000)
  to   space 5120K, 0% used [0x00000000ef100000,0x00000000ef100000,0x00000000ef600000)
 ParOldGen       total 87552K, used 1409K [0x00000000c0000000, 0x00000000c5580000, 0x00000000eab00000)
  object space 87552K, 1% used [0x00000000c0000000,0x00000000c0160760,0x00000000c5580000)
 Metaspace       used 6235K, capacity 7088K, committed 7296K, reserved 1056768K
  class space    used 597K, capacity 616K, committed 640K, reserved 1048576K
Event: 4.745 GC heap after
Heap after GC invocations=2 (full 0):
 PSYoungGen      total 71680K, used 5110K [0x00000000eab00000, 0x00000000ef600000, 0x0000000100000000)
  eden space 66560K, 0% used [0x00000000eab00000,0x00000000eab00000,0x00000000eec00000)
  from space 5120K, 99% used [0x00000000ef100000,0x00000000ef5fdae8,0x00000000ef600000)
  to   space 5120K, 0% used [0x00000000eec00000,0x00000000eec00000,0x00000000ef100000)
 ParOldGen       total 87552K, used 5772K [0x00000000c0000000, 0x00000000c5580000, 0x00000000eab00000)
  object space 87552K, 6% used [0x00000000c0000000,0x00000000c05a3350,0x00000000c5580000)
 Metaspace       used 6235K, capacity 7088K, committed 7296K, reserved 1056768K
  class space    used 597K, capacity 616K, committed 640K, reserved 1048576K
}

Deoptimization events (10 events):
Event: 5.303 Thread 0x000000000219d800 Uncommon trap: reason=unstable_if action=reinterpret pc=0x00000000026cadfc method=com.android.dx.util.IntList.binarysearch(I)I @ 105
Event: 5.303 Thread 0x000000000219d800 Uncommon trap: reason=unstable_if action=reinterpret pc=0x00000000029d01ec method=com.android.dx.ssa.SsaBasicBlock.newFromRop(Lcom/android/dx/rop/code/RopMethod;ILcom/android/dx/ssa/SsaMethod;)Lcom/android/dx/ssa/SsaBasicBlock; @ 164
Event: 5.322 Thread 0x0000000016280800 Uncommon trap: reason=unstable_if action=reinterpret pc=0x00000000027ca514 method=com.android.dx.ssa.SCCP.simulateStmt(Lcom/android/dx/ssa/SsaInsn;)V @ 53
Event: 6.104 Thread 0x0000000016280000 Uncommon trap: reason=unstable_if action=reinterpret pc=0x00000000028d519c method=com.android.dx.ssa.LiteralOpUpgrader$1.visitNonMoveInsn(Lcom/android/dx/ssa/NormalSsaInsn;)V @ 55
Event: 6.104 Thread 0x0000000016280000 Uncommon trap: reason=unstable_if action=reinterpret pc=0x00000000026f499c method=com.android.dx.ssa.SsaMethod.updateOneDefinition(Lcom/android/dx/ssa/SsaInsn;Lcom/android/dx/rop/code/RegisterSpec;)V @ 4
Event: 6.502 Thread 0x000000001625c800 Uncommon trap: reason=bimorphic action=maybe_recompile pc=0x0000000002a6c4d4 method=com.android.dx.cf.code.BytecodeArray.parseInstruction(ILcom/android/dx/cf/code/BytecodeArray$Visitor;)I @ 939
Event: 6.510 Thread 0x000000001625c800 Uncommon trap: reason=bimorphic action=maybe_recompile pc=0x0000000002a6c4d4 method=com.android.dx.cf.code.BytecodeArray.parseInstruction(ILcom/android/dx/cf/code/BytecodeArray$Visitor;)I @ 939
Event: 6.513 Thread 0x000000001625c800 Uncommon trap: reason=bimorphic action=maybe_recompile pc=0x0000000002a6c4d4 method=com.android.dx.cf.code.BytecodeArray.parseInstruction(ILcom/android/dx/cf/code/BytecodeArray$Visitor;)I @ 939
Event: 6.514 Thread 0x000000001625c800 Uncommon trap: reason=bimorphic action=maybe_recompile pc=0x0000000002a6c4d4 method=com.android.dx.cf.code.BytecodeArray.parseInstruction(ILcom/android/dx/cf/code/BytecodeArray$Visitor;)I @ 939
Event: 6.546 Thread 0x000000001625c800 Uncommon trap: reason=unstable_if action=reinterpret pc=0x00000000029c8118 method=com.android.dx.rop.code.LocalVariableInfo.mergeStarts(ILcom/android/dx/rop/code/RegisterSpecSet;)Z @ 31

Internal exceptions (2 events):
Event: 0.051 Thread 0x000000000219d800 Exception <a 'java/lang/NoSuchMethodError': Method sun.misc.Unsafe.defineClass(Ljava/lang/String;[BII)Ljava/lang/Class; name or signature does not match> (0x00000000eab12f08) thrown at [C:\re\workspace\8-2-build-windows-amd64-cygwin\jdk8u51\3951\hotspot\sr⁄‘1‡ÿÌ©?
Event: 0.051 Thread 0x000000000219d800 Exception <a 'java/lang/NoSuchMethodError': Method sun.misc.Unsafe.prefetchRead(Ljava/lang/Object;J)V name or signature does not match> (0x00000000eab13198) thrown at [C:\re\workspace\8-2-build-windows-amd64-cygwin\jdk8u51\3951\hotspot\src\share\vm\prims\j

Events (10 events):
Event: 6.513 Thread 0x000000001625c800 DEOPT PACKING pc=0x0000000002a6c4d4 sp=0x00000000168de900
Event: 6.513 Thread 0x000000001625c800 DEOPT UNPACKING pc=0x00000000022e582a sp=0x00000000168de8c8 mode 2
Event: 6.514 Thread 0x000000001625c800 Uncommon trap: trap_request=0xffffffc6 fr.pc=0x0000000002a6c4d4
Event: 6.514 Thread 0x000000001625c800 DEOPT PACKING pc=0x0000000002a6c4d4 sp=0x00000000168de760
Event: 6.514 Thread 0x000000001625c800 DEOPT UNPACKING pc=0x00000000022e582a sp=0x00000000168de728 mode 2
Event: 6.546 Thread 0x000000001625c800 Uncommon trap: trap_request=0xffffff65 fr.pc=0x00000000029c8118
Event: 6.546 Thread 0x000000001625c800 DEOPT PACKING pc=0x00000000029c8118 sp=0x00000000168ded20
Event: 6.546 Thread 0x000000001625c800 DEOPT UNPACKING pc=0x00000000022e582a sp=0x00000000168dec80 mode 2
Event: 8.530 Thread 0x000000001625c800 DEOPT PACKING pc=0x00000000026dc635 sp=0x00000000168debc0
Event: 8.530 Thread 0x000000001625c800 DEOPT UNPACKING pc=0x00000000022e787f sp=0x00000000168de8a0 mode 0


Dynamic libraries:
0x00007ff732d40000 - 0x00007ff732d77000 	C:\Program Files\Java\jdk1.8.0_51\bin\java.exe
0x00007ff887920000 - 0x00007ff887acc000 	C:\Windows\SYSTEM32\ntdll.dll
0x00007ff884e90000 - 0x00007ff884fce000 	C:\Windows\system32\KERNEL32.DLL
0x00007ff8847f0000 - 0x00007ff884905000 	C:\Windows\system32\KERNELBASE.dll
0x00007ff883280000 - 0x00007ff88330e000 	C:\Windows\system32\apphelp.dll
0x00007ff86ea60000 - 0x00007ff86eab3000 	C:\Windows\AppPatch\AppPatch64\AcGenral.DLL
0x00007ff885d10000 - 0x00007ff885dba000 	C:\Windows\system32\msvcrt.dll
0x00007ff884520000 - 0x00007ff88454e000 	C:\Windows\SYSTEM32\SspiCli.dll
0x00007ff885030000 - 0x00007ff885084000 	C:\Windows\system32\SHLWAPI.dll
0x00007ff887420000 - 0x00007ff887597000 	C:\Windows\system32\USER32.dll
0x00007ff885a70000 - 0x00007ff885c04000 	C:\Windows\system32\ole32.dll
0x00007ff885dc0000 - 0x00007ff8872d9000 	C:\Windows\system32\SHELL32.dll
0x00007ff883cf0000 - 0x00007ff883d11000 	C:\Windows\SYSTEM32\USERENV.dll
0x00007ff8875a0000 - 0x00007ff88764a000 	C:\Windows\system32\ADVAPI32.dll
0x00007ff87c790000 - 0x00007ff87c7ae000 	C:\Windows\SYSTEM32\MPR.dll
0x00007ff885530000 - 0x00007ff885671000 	C:\Windows\system32\RPCRT4.dll
0x00007ff885c10000 - 0x00007ff885c69000 	C:\Windows\SYSTEM32\sechost.dll
0x00007ff885250000 - 0x00007ff885461000 	C:\Windows\SYSTEM32\combase.dll
0x00007ff8857b0000 - 0x00007ff885901000 	C:\Windows\system32\GDI32.dll
0x00007ff884680000 - 0x00007ff884695000 	C:\Windows\SYSTEM32\profapi.dll
0x00007ff8831c0000 - 0x00007ff883272000 	C:\Windows\SYSTEM32\SHCORE.dll
0x00007ff885770000 - 0x00007ff8857a6000 	C:\Windows\system32\IMM32.DLL
0x00007ff885910000 - 0x00007ff885a63000 	C:\Windows\system32\MSCTF.dll
0x00007ff8823d0000 - 0x00007ff88264b000 	C:\Windows\WinSxS\amd64_microsoft.windows.common-controls_6595b64144ccf1df_6.0.9600.17415_none_6240486fecbd8abb\COMCTL32.dll
0x0000000067420000 - 0x00000000674f2000 	C:\Program Files\Java\jdk1.8.0_51\jre\bin\msvcr100.dll
0x00000000678a0000 - 0x0000000068123000 	C:\Program Files\Java\jdk1.8.0_51\jre\bin\server\jvm.dll
0x00007ff87c810000 - 0x00007ff87c819000 	C:\Windows\SYSTEM32\WSOCK32.dll
0x00007ff8847b0000 - 0x00007ff8847d2000 	C:\Windows\system32\WINMM.dll
0x00007ff881e80000 - 0x00007ff881e8a000 	C:\Windows\SYSTEM32\VERSION.dll
0x00007ff884ca0000 - 0x00007ff884ca7000 	C:\Windows\system32\PSAPI.DLL
0x00007ff8873a0000 - 0x00007ff8873fa000 	C:\Windows\system32\WS2_32.dll
0x00007ff884760000 - 0x00007ff88478a000 	C:\Windows\system32\WINMMBASE.dll
0x00007ff8877c0000 - 0x00007ff8877c9000 	C:\Windows\system32\NSI.dll
0x00007ff884c50000 - 0x00007ff884c9f000 	C:\Windows\SYSTEM32\cfgmgr32.dll
0x00007ff884730000 - 0x00007ff884758000 	C:\Windows\system32\DEVOBJ.dll
0x0000000067890000 - 0x000000006789f000 	C:\Program Files\Java\jdk1.8.0_51\jre\bin\verify.dll
0x0000000067860000 - 0x0000000067889000 	C:\Program Files\Java\jdk1.8.0_51\jre\bin\java.dll
0x0000000067840000 - 0x0000000067856000 	C:\Program Files\Java\jdk1.8.0_51\jre\bin\zip.dll

VM Arguments:
jvm_args: -Djava.awt.headless=true -Xmx1024M -Dfile.encoding=GBK -Duser.country=CN -Duser.language=zh -Duser.variant 
java_command: com.android.dx.command.Main --dex --num-threads=4 --output D:\Yakami Studio\Android Studio\Uranus\app\build\intermediates\pre-dexed\debug\com.android.support-appcompat-v7-23.1.1_4c256e0a5ce7457e7765c2c4d6c78b113b2c2317.jar D:\Yakami Studio\Android Studio\Uranus\app\build\intermediates\exploded-aar\com.android.support\appcompat-v7\23.1.1\jars\classes.jar
java_class_path (initial): E:\AndroidSDK\build-tools\23.0.2\lib\dx.jar
Launcher Type: SUN_STANDARD

Environment Variables:
PATH=C:\Python27\;C:\Python27\Scripts;C:\ProgramData\Oracle\Java\javapath;C:\Program Files (x86)\NVIDIA Corporation\PhysX\Common;C:\Windows\system32;C:\Windows;C:\Windows\System32\Wbem;C:\Windows\System32\WindowsPowerShell\v1.0\;C:\Program Files (x86)\Windows Kits\8.1\Windows Performance Toolkit\;C:\Program Files\Microsoft SQL Server\110\Tools\Binn\;D:\Program Files (x86)\QuickTime\QTSystem\;C:\Program Files (x86)\Microsoft SQL Server\100\Tools\Binn\;C:\Program Files\Microsoft SQL Server\100\Tools\Binn\;C:\Program Files\Microsoft SQL Server\100\DTS\Binn\;C:\Program Files (x86)\Microsoft SQL Server\100\Tools\Binn\VSShell\Common7\IDE\;C:\Program Files (x86)\Microsoft Visual Studio 9.0\Common7\IDE\PrivateAssemblies\;C:\Program Files (x86)\Microsoft SQL Server\100\DTS\Binn\;C:\Program Files\Microsoft SQL Server\120\Tools\Binn\;C:\Program Files\nodejs\;C:\Users\Yakami\.dnx\bin;C:\Users\Yakami\AppData\Roaming\npm;C:\Users\Yakami\gradle\gradle-2.12\bin
USERNAME=Yakami
OS=Windows_NT
PROCESSOR_IDENTIFIER=Intel64 Family 6 Model 58 Stepping 9, GenuineIntel



---------------  S Y S T E M  ---------------

OS: Windows 8.1 , 64 bit Build 9600 (6.3.9600.17415)

CPU:total 4 (2 cores per cpu, 2 threads per core) family 6 model 58 stepping 9, cmov, cx8, fxsr, mmx, sse, sse2, sse3, ssse3, sse4.1, sse4.2, popcnt, avx, aes, clmul, erms, ht, tsc, tscinvbit, tscinv

Memory: 4k page, physical 8337772k(1001576k free), swap 12433772k(5100k free)

vm_info: Java HotSpot(TM) 64-Bit Server VM (25.51-b03) for windows-amd64 JRE (1.8.0_51-b16), built on Jun  8 2015 18:03:07 by "java_re" with MS VC++ 10.0 (VS2010)

time: Thu Apr 21 21:59:59 2016
elapsed time: 8 seconds (0d 0h 0m 8s)

