#
# There is insufficient memory for the Java Runtime Environment to continue.
# Native memory allocation (malloc) failed to allocate 290416 bytes for Chunk::new
# Possible reasons:
#   The system is out of physical RAM or swap space
#   In 32 bit mode, the process size limit was hit
# Possible solutions:
#   Reduce memory load on the system
#   Increase physical memory or swap space
#   Check if swap backing store is full
#   Use 64 bit Java on a 64 bit OS
#   Decrease Java heap size (-Xmx/-Xms)
#   Decrease number of Java threads
#   Decrease Java thread stack sizes (-Xss)
#   Set larger code cache with -XX:ReservedCodeCacheSize=
# This output file may be truncated or incomplete.
#
#  Out of Memory Error (allocation.cpp:390), pid=16584, tid=12112
#
# JRE version: Java(TM) SE Runtime Environment (8.0_51-b16) (build 1.8.0_51-b16)
# Java VM: Java HotSpot(TM) 64-Bit Server VM (25.51-b03 mixed mode windows-amd64 compressed oops)
# Failed to write core dump. Minidumps are not enabled by default on client versions of Windows
#

---------------  T H R E A D  ---------------

Current thread (0x000000001498e000):  JavaThread "C2 CompilerThread1" daemon [_thread_in_native, id=12112, stack(0x0000000016390000,0x0000000016490000)]

Stack: [0x0000000016390000,0x0000000016490000]
Native frames: (J=compiled Java code, j=interpreted, Vv=VM code, C=native code)
V  [jvm.dll+0x32b4ca]


Current CompileTask:
C2:   4845 1326       4       com.android.dx.ssa.SCCP::simulateBranch (666 bytes)


---------------  P R O C E S S  ---------------

Java Threads: ( => current thread )
  0x0000000016218800 JavaThread "pool-1-thread-4" [_thread_blocked, id=8720, stack(0x0000000016b90000,0x0000000016c90000)]
  0x0000000016217800 JavaThread "pool-1-thread-3" [_thread_in_Java, id=12656, stack(0x0000000016a90000,0x0000000016b90000)]
  0x0000000016217000 JavaThread "pool-1-thread-2" [_thread_blocked, id=14416, stack(0x0000000016990000,0x0000000016a90000)]
  0x0000000016214000 JavaThread "pool-2-thread-1" [_thread_blocked, id=13556, stack(0x0000000016890000,0x0000000016990000)]
  0x0000000016213800 JavaThread "pool-1-thread-1" [_thread_in_Java, id=8432, stack(0x0000000016790000,0x0000000016890000)]
  0x0000000015ff1000 JavaThread "Service Thread" daemon [_thread_blocked, id=14780, stack(0x0000000016590000,0x0000000016690000)]
  0x0000000015fe9000 JavaThread "C1 CompilerThread2" daemon [_thread_in_vm, id=11884, stack(0x0000000016490000,0x0000000016590000)]
=>0x000000001498e000 JavaThread "C2 CompilerThread1" daemon [_thread_in_native, id=12112, stack(0x0000000016390000,0x0000000016490000)]
  0x000000001498c000 JavaThread "C2 CompilerThread0" daemon [_thread_in_native, id=11476, stack(0x0000000015e90000,0x0000000015f90000)]
  0x0000000014989000 JavaThread "Attach Listener" daemon [_thread_blocked, id=9724, stack(0x0000000015d90000,0x0000000015e90000)]
  0x000000001493e800 JavaThread "Signal Dispatcher" daemon [_thread_blocked, id=16944, stack(0x0000000015c90000,0x0000000015d90000)]
  0x0000000002251000 JavaThread "Finalizer" daemon [_thread_blocked, id=15616, stack(0x0000000015b90000,0x0000000015c90000)]
  0x000000000224e800 JavaThread "Reference Handler" daemon [_thread_blocked, id=12568, stack(0x0000000015a90000,0x0000000015b90000)]
  0x000000000215d800 JavaThread "main" [_thread_blocked, id=3692, stack(0x0000000002030000,0x0000000002130000)]

Other Threads:
  0x00000000148f7800 VMThread [stack: 0x0000000015990000,0x0000000015a90000] [id=12004]
  0x0000000015ff3000 WatcherThread [stack: 0x0000000016690000,0x0000000016790000] [id=15824]

VM state:not at safepoint (normal execution)

VM Mutex/Monitor currently owned by a thread: None

Heap:
 PSYoungGen      total 38400K, used 10083K [0x00000000eab00000, 0x00000000ed580000, 0x0000000100000000)
  eden space 33280K, 14% used [0x00000000eab00000,0x00000000eafdec80,0x00000000ecb80000)
  from space 5120K, 99% used [0x00000000ecb80000,0x00000000ed07a0a8,0x00000000ed080000)
  to   space 5120K, 0% used [0x00000000ed080000,0x00000000ed080000,0x00000000ed580000)
 ParOldGen       total 87552K, used 1082K [0x00000000c0000000, 0x00000000c5580000, 0x00000000eab00000)
  object space 87552K, 1% used [0x00000000c0000000,0x00000000c010e900,0x00000000c5580000)
 Metaspace       used 6069K, capacity 6960K, committed 7040K, reserved 1056768K
  class space    used 596K, capacity 616K, committed 640K, reserved 1048576K

Card table byte_map: [0x0000000011620000,0x0000000011830000] byte_map_base: 0x0000000011020000

Marking Bits: (ParMarkBitMap*) 0x00000000680a4040
 Begin Bits: [0x0000000011d90000, 0x0000000012d90000)
 End Bits:   [0x0000000012d90000, 0x0000000013d90000)

Polling page: 0x0000000000570000

CodeCache: size=245760Kb used=5523Kb max_used=5523Kb free=240236Kb
 bounds [0x0000000002260000, 0x00000000027d0000, 0x0000000011260000]
 total_blobs=1631 nmethods=1360 adapters=184
 compilation: enabled

Compilation events (10 events):
Event: 4.840 Thread 0x0000000015fe9000 nmethod 1353 0x00000000027742d0 code [0x0000000002774420, 0x0000000002774590]
Event: 4.840 Thread 0x0000000015fe9000 1357       3       com.android.dx.cf.iface.StdMethodList::get (9 bytes)
Event: 4.840 Thread 0x0000000015fe9000 nmethod 1357 0x00000000027bf750 code [0x00000000027bf8c0, 0x00000000027bfbc8]
Event: 4.840 Thread 0x0000000015fe9000 1358       3       com.android.dx.rop.code.AccessFlags::isPrivate (12 bytes)
Event: 4.841 Thread 0x0000000015fe9000 nmethod 1358 0x00000000027bf3d0 code [0x00000000027bf520, 0x00000000027bf6b0]
Event: 4.841 Thread 0x0000000015fe9000 1351  s    3       com.android.dx.dex.file.FieldIdsSection::intern (55 bytes)
Event: 4.842 Thread 0x0000000015fe9000 nmethod 1351 0x00000000027c4810 code [0x00000000027c4a40, 0x00000000027c5768]
Event: 4.842 Thread 0x0000000015fe9000 1359       3       com.android.dx.rop.cst.CstString::hashCode (8 bytes)
Event: 4.842 Thread 0x0000000015fe9000 nmethod 1359 0x00000000027c38d0 code [0x00000000027c3a40, 0x00000000027c3c48]
Event: 4.842 Thread 0x0000000015fe9000 1356       3       com.android.dx.ssa.SCCP::replaceBranches (142 bytes)

GC Heap History (2 events):
Event: 4.435 GC heap before
{Heap before GC invocations=1 (full 0):
 PSYoungGen      total 38400K, used 33280K [0x00000000eab00000, 0x00000000ed580000, 0x0000000100000000)
  eden space 33280K, 100% used [0x00000000eab00000,0x00000000ecb80000,0x00000000ecb80000)
  from space 5120K, 0% used [0x00000000ed080000,0x00000000ed080000,0x00000000ed580000)
  to   space 5120K, 0% used [0x00000000ecb80000,0x00000000ecb80000,0x00000000ed080000)
 ParOldGen       total 87552K, used 0K [0x00000000c0000000, 0x00000000c5580000, 0x00000000eab00000)
  object space 87552K, 0% used [0x00000000c0000000,0x00000000c0000000,0x00000000c5580000)
 Metaspace       used 6044K, capacity 6960K, committed 7040K, reserved 1056768K
  class space    used 596K, capacity 616K, committed 640K, reserved 1048576K
Event: 4.768 GC heap after
Heap after GC invocations=1 (full 0):
 PSYoungGen      total 38400K, used 5096K [0x00000000eab00000, 0x00000000ed580000, 0x0000000100000000)
  eden space 33280K, 0% used [0x00000000eab00000,0x00000000eab00000,0x00000000ecb80000)
  from space 5120K, 99% used [0x00000000ecb80000,0x00000000ed07a0a8,0x00000000ed080000)
  to   space 5120K, 0% used [0x00000000ed080000,0x00000000ed080000,0x00000000ed580000)
 ParOldGen       total 87552K, used 1082K [0x00000000c0000000, 0x00000000c5580000, 0x00000000eab00000)
  object space 87552K, 1% used [0x00000000c0000000,0x00000000c010e900,0x00000000c5580000)
 Metaspace       used 6044K, capacity 6960K, committed 7040K, reserved 1056768K
  class space    used 596K, capacity 616K, committed 640K, reserved 1048576K
}

Deoptimization events (3 events):
Event: 2.974 Thread 0x0000000016217000 Uncommon trap: reason=unstable_if action=reinterpret pc=0x0000000002642eac method=com.android.dx.rop.code.RegisterSpecSet.put(Lcom/android/dx/rop/code/RegisterSpec;)V @ 77
Event: 2.974 Thread 0x0000000016217000 Uncommon trap: reason=unstable_if action=reinterpret pc=0x00000000026911ac method=com.android.dx.rop.code.RegisterSpecSet.put(Lcom/android/dx/rop/code/RegisterSpec;)V @ 77
Event: 3.029 Thread 0x0000000016213800 Uncommon trap: reason=unstable_if action=reinterpret pc=0x00000000025d0f20 method=com.android.dx.rop.code.RegisterSpec.equals(ILcom/android/dx/rop/type/TypeBearer;Lcom/android/dx/rop/code/LocalItem;)Z @ 42

Internal exceptions (2 events):
Event: 0.069 Thread 0x000000000215d800 Exception <a 'java/lang/NoSuchMethodError': Method sun.misc.Unsafe.defineClass(Ljava/lang/String;[BII)Ljava/lang/Class; name or signature does not match> (0x00000000eab12f08) thrown at [C:\re\workspace\8-2-build-windows-amd64-cygwin\jdk8u51\3951\hotspot\sr—~lJêì±?
Event: 0.069 Thread 0x000000000215d800 Exception <a 'java/lang/NoSuchMethodError': Method sun.misc.Unsafe.prefetchRead(Ljava/lang/Object;J)V name or signature does not match> (0x00000000eab13198) thrown at [C:\re\workspace\8-2-build-windows-amd64-cygwin\jdk8u51\3951\hotspot\src\share\vm\prims\j

Events (10 events):
Event: 2.974 Thread 0x0000000016217000 DEOPT UNPACKING pc=0x00000000022a582a sp=0x0000000016a8e8a0 mode 2
Event: 2.988 loading class com/android/dx/dex/file/FieldAnnotationStruct
Event: 2.988 loading class com/android/dx/dex/file/FieldAnnotationStruct done
Event: 3.012 loading class java/util/DualPivotQuicksort
Event: 3.013 loading class java/util/DualPivotQuicksort done
Event: 3.029 Thread 0x0000000016213800 Uncommon trap: trap_request=0xffffff65 fr.pc=0x00000000025d0f20
Event: 3.029 Thread 0x0000000016213800 DEOPT PACKING pc=0x00000000025d0f20 sp=0x000000001688e510
Event: 3.029 Thread 0x0000000016213800 DEOPT UNPACKING pc=0x00000000022a582a sp=0x000000001688e498 mode 2
Event: 3.452 Executing VM operation: ParallelGCFailedAllocation
Event: 4.768 Executing VM operation: ParallelGCFailedAllocation done


Dynamic libraries:
0x00007ff732d40000 - 0x00007ff732d77000 	C:\Program Files\Java\jdk1.8.0_51\bin\java.exe
0x00007ff887920000 - 0x00007ff887acc000 	C:\Windows\SYSTEM32\ntdll.dll
0x00007ff884e90000 - 0x00007ff884fce000 	C:\Windows\system32\KERNEL32.DLL
0x00007ff8847f0000 - 0x00007ff884905000 	C:\Windows\system32\KERNELBASE.dll
0x00007ff883280000 - 0x00007ff88330e000 	C:\Windows\system32\apphelp.dll
0x00007ff86ea60000 - 0x00007ff86eab3000 	C:\Windows\AppPatch\AppPatch64\AcGenral.DLL
0x00007ff885d10000 - 0x00007ff885dba000 	C:\Windows\system32\msvcrt.dll
0x00007ff884520000 - 0x00007ff88454e000 	C:\Windows\SYSTEM32\SspiCli.dll
0x00007ff885030000 - 0x00007ff885084000 	C:\Windows\system32\SHLWAPI.dll
0x00007ff887420000 - 0x00007ff887597000 	C:\Windows\system32\USER32.dll
0x00007ff885a70000 - 0x00007ff885c04000 	C:\Windows\system32\ole32.dll
0x00007ff885dc0000 - 0x00007ff8872d9000 	C:\Windows\system32\SHELL32.dll
0x00007ff883cf0000 - 0x00007ff883d11000 	C:\Windows\SYSTEM32\USERENV.dll
0x00007ff8875a0000 - 0x00007ff88764a000 	C:\Windows\system32\ADVAPI32.dll
0x00007ff87c790000 - 0x00007ff87c7ae000 	C:\Windows\SYSTEM32\MPR.dll
0x00007ff885530000 - 0x00007ff885671000 	C:\Windows\system32\RPCRT4.dll
0x00007ff885c10000 - 0x00007ff885c69000 	C:\Windows\SYSTEM32\sechost.dll
0x00007ff885250000 - 0x00007ff885461000 	C:\Windows\SYSTEM32\combase.dll
0x00007ff8857b0000 - 0x00007ff885901000 	C:\Windows\system32\GDI32.dll
0x00007ff884680000 - 0x00007ff884695000 	C:\Windows\SYSTEM32\profapi.dll
0x00007ff8831c0000 - 0x00007ff883272000 	C:\Windows\SYSTEM32\SHCORE.dll
0x00007ff885770000 - 0x00007ff8857a6000 	C:\Windows\system32\IMM32.DLL
0x00007ff885910000 - 0x00007ff885a63000 	C:\Windows\system32\MSCTF.dll
0x00007ff8823d0000 - 0x00007ff88264b000 	C:\Windows\WinSxS\amd64_microsoft.windows.common-controls_6595b64144ccf1df_6.0.9600.17415_none_6240486fecbd8abb\COMCTL32.dll
0x0000000067420000 - 0x00000000674f2000 	C:\Program Files\Java\jdk1.8.0_51\jre\bin\msvcr100.dll
0x00000000678a0000 - 0x0000000068123000 	C:\Program Files\Java\jdk1.8.0_51\jre\bin\server\jvm.dll
0x00007ff87c810000 - 0x00007ff87c819000 	C:\Windows\SYSTEM32\WSOCK32.dll
0x00007ff8847b0000 - 0x00007ff8847d2000 	C:\Windows\system32\WINMM.dll
0x00007ff881e80000 - 0x00007ff881e8a000 	C:\Windows\SYSTEM32\VERSION.dll
0x00007ff884ca0000 - 0x00007ff884ca7000 	C:\Windows\system32\PSAPI.DLL
0x00007ff8873a0000 - 0x00007ff8873fa000 	C:\Windows\system32\WS2_32.dll
0x00007ff884760000 - 0x00007ff88478a000 	C:\Windows\system32\WINMMBASE.dll
0x00007ff8877c0000 - 0x00007ff8877c9000 	C:\Windows\system32\NSI.dll
0x00007ff884c50000 - 0x00007ff884c9f000 	C:\Windows\SYSTEM32\cfgmgr32.dll
0x00007ff884730000 - 0x00007ff884758000 	C:\Windows\system32\DEVOBJ.dll
0x0000000067890000 - 0x000000006789f000 	C:\Program Files\Java\jdk1.8.0_51\jre\bin\verify.dll
0x0000000067860000 - 0x0000000067889000 	C:\Program Files\Java\jdk1.8.0_51\jre\bin\java.dll
0x0000000067840000 - 0x0000000067856000 	C:\Program Files\Java\jdk1.8.0_51\jre\bin\zip.dll

VM Arguments:
jvm_args: -Djava.awt.headless=true -Xmx1024M -Dfile.encoding=GBK -Duser.country=CN -Duser.language=zh -Duser.variant 
java_command: com.android.dx.command.Main --dex --num-threads=4 --output D:\Yakami Studio\Android Studio\Uranus\app\build\intermediates\pre-dexed\debug\com.android.support-appcompat-v7-23.1.1_4c256e0a5ce7457e7765c2c4d6c78b113b2c2317.jar D:\Yakami Studio\Android Studio\Uranus\app\build\intermediates\exploded-aar\com.android.support\appcompat-v7\23.1.1\jars\classes.jar
java_class_path (initial): E:\AndroidSDK\build-tools\23.0.2\lib\dx.jar
Launcher Type: SUN_STANDARD

Environment Variables:
PATH=C:\Python27\;C:\Python27\Scripts;C:\ProgramData\Oracle\Java\javapath;C:\Program Files (x86)\NVIDIA Corporation\PhysX\Common;C:\Windows\system32;C:\Windows;C:\Windows\System32\Wbem;C:\Windows\System32\WindowsPowerShell\v1.0\;C:\Program Files (x86)\Windows Kits\8.1\Windows Performance Toolkit\;C:\Program Files\Microsoft SQL Server\110\Tools\Binn\;D:\Program Files (x86)\QuickTime\QTSystem\;C:\Program Files (x86)\Microsoft SQL Server\100\Tools\Binn\;C:\Program Files\Microsoft SQL Server\100\Tools\Binn\;C:\Program Files\Microsoft SQL Server\100\DTS\Binn\;C:\Program Files (x86)\Microsoft SQL Server\100\Tools\Binn\VSShell\Common7\IDE\;C:\Program Files (x86)\Microsoft Visual Studio 9.0\Common7\IDE\PrivateAssemblies\;C:\Program Files (x86)\Microsoft SQL Server\100\DTS\Binn\;C:\Program Files\Microsoft SQL Server\120\Tools\Binn\;C:\Program Files\nodejs\;C:\Users\Yakami\.dnx\bin;C:\Users\Yakami\AppData\Roaming\npm;C:\Users\Yakami\gradle\gradle-2.12\bin
USERNAME=Yakami
OS=Windows_NT
PROCESSOR_IDENTIFIER=Intel64 Family 6 Model 58 Stepping 9, GenuineIntel



---------------  S Y S T E M  ---------------

OS: Windows 8.1 , 64 bit Build 9600 (6.3.9600.17415)

CPU:total 4 (2 cores per cpu, 2 threads per core) family 6 model 58 stepping 9, cmov, cx8, fxsr, mmx, sse, sse2, sse3, ssse3, sse4.1, sse4.2, popcnt, avx, aes, clmul, erms, ht, tsc, tscinvbit, tscinv

Memory: 4k page, physical 8337772k(944768k free), swap 12433772k(4888k free)

vm_info: Java HotSpot(TM) 64-Bit Server VM (25.51-b03) for windows-amd64 JRE (1.8.0_51-b16), built on Jun  8 2015 18:03:07 by "java_re" with MS VC++ 10.0 (VS2010)

time: Thu Apr 21 22:01:27 2016
elapsed time: 4 seconds (0d 0h 0m 4s)

