#
# There is insufficient memory for the Java Runtime Environment to continue.
# Native memory allocation (malloc) failed to allocate 330016 bytes for Chunk::new
# Possible reasons:
#   The system is out of physical RAM or swap space
#   In 32 bit mode, the process size limit was hit
# Possible solutions:
#   Reduce memory load on the system
#   Increase physical memory or swap space
#   Check if swap backing store is full
#   Use 64 bit Java on a 64 bit OS
#   Decrease Java heap size (-Xmx/-Xms)
#   Decrease number of Java threads
#   Decrease Java thread stack sizes (-Xss)
#   Set larger code cache with -XX:ReservedCodeCacheSize=
# This output file may be truncated or incomplete.
#
#  Out of Memory Error (allocation.cpp:390), pid=15768, tid=12276
#
# JRE version: Java(TM) SE Runtime Environment (8.0_51-b16) (build 1.8.0_51-b16)
# Java VM: Java HotSpot(TM) 64-Bit Server VM (25.51-b03 mixed mode windows-amd64 compressed oops)
# Failed to write core dump. Minidumps are not enabled by default on client versions of Windows
#

---------------  T H R E A D  ---------------

Current thread (0x000000001552d000):  JavaThread "C2 CompilerThread0" daemon [_thread_in_native, id=12276, stack(0x0000000016a20000,0x0000000016b20000)]

Stack: [0x0000000016a20000,0x0000000016b20000]
Native frames: (J=compiled Java code, j=interpreted, Vv=VM code, C=native code)
V  [jvm.dll+0x32b4ca]


Current CompileTask:
C2:   4799 1532       4       com.android.dx.dex.code.OutputFinisher::addConstants (93 bytes)


---------------  P R O C E S S  ---------------

Java Threads: ( => current thread )
  0x0000000016b8a000 JavaThread "Service Thread" daemon [_thread_blocked, id=15276, stack(0x0000000017120000,0x0000000017220000)]
  0x0000000016b84800 JavaThread "C1 CompilerThread2" daemon [_thread_blocked, id=11708, stack(0x0000000017020000,0x0000000017120000)]
  0x0000000016b20800 JavaThread "C2 CompilerThread1" daemon [_thread_in_native, id=9220, stack(0x0000000016f20000,0x0000000017020000)]
=>0x000000001552d000 JavaThread "C2 CompilerThread0" daemon [_thread_in_native, id=12276, stack(0x0000000016a20000,0x0000000016b20000)]
  0x000000001552a000 JavaThread "Attach Listener" daemon [_thread_blocked, id=14744, stack(0x0000000016920000,0x0000000016a20000)]
  0x00000000154df800 JavaThread "Signal Dispatcher" daemon [_thread_blocked, id=11556, stack(0x0000000016820000,0x0000000016920000)]
  0x0000000002df0800 JavaThread "Finalizer" daemon [_thread_blocked, id=15532, stack(0x0000000016720000,0x0000000016820000)]
  0x0000000002ded800 JavaThread "Reference Handler" daemon [_thread_blocked, id=11816, stack(0x0000000016620000,0x0000000016720000)]
  0x0000000002d02800 JavaThread "main" [_thread_in_Java, id=16996, stack(0x0000000002b60000,0x0000000002c60000)]

Other Threads:
  0x0000000015498800 VMThread [stack: 0x0000000016520000,0x0000000016620000] [id=14932]
  0x0000000016b8b000 WatcherThread [stack: 0x0000000017220000,0x0000000017320000] [id=13128]

VM state:not at safepoint (normal execution)

VM Mutex/Monitor currently owned by a thread: None

Heap:
 PSYoungGen      total 38400K, used 20356K [0x00000000eab00000, 0x00000000ed580000, 0x0000000100000000)
  eden space 33280K, 45% used [0x00000000eab00000,0x00000000eb9e4e58,0x00000000ecb80000)
  from space 5120K, 99% used [0x00000000ecb80000,0x00000000ed07c570,0x00000000ed080000)
  to   space 5120K, 0% used [0x00000000ed080000,0x00000000ed080000,0x00000000ed580000)
 ParOldGen       total 87552K, used 2073K [0x00000000c0000000, 0x00000000c5580000, 0x00000000eab00000)
  object space 87552K, 2% used [0x00000000c0000000,0x00000000c0206410,0x00000000c5580000)
 Metaspace       used 6197K, capacity 7088K, committed 7296K, reserved 1056768K
  class space    used 598K, capacity 616K, committed 640K, reserved 1048576K

Card table byte_map: [0x00000000121c0000,0x00000000123d0000] byte_map_base: 0x0000000011bc0000

Marking Bits: (ParMarkBitMap*) 0x00000000680a4040
 Begin Bits: [0x0000000012930000, 0x0000000013930000)
 End Bits:   [0x0000000013930000, 0x0000000014930000)

Polling page: 0x0000000000f50000

CodeCache: size=245760Kb used=6508Kb max_used=6508Kb free=239251Kb
 bounds [0x0000000002e00000, 0x0000000003470000, 0x0000000011e00000]
 total_blobs=1805 nmethods=1534 adapters=184
 compilation: enabled

Compilation events (10 events):
Event: 4.759 Thread 0x0000000016b84800 1545       3       com.android.dx.dex.file.DebugInfoItem::addContents (1 bytes)
Event: 4.759 Thread 0x0000000016b84800 nmethod 1545 0x0000000003457150 code [0x00000000034572a0, 0x00000000034573f0]
Event: 4.759 Thread 0x0000000016b84800 1546       3       com.android.dx.dex.file.AnnotationItem::addContents (27 bytes)
Event: 4.760 Thread 0x0000000016b84800 nmethod 1546 0x000000000345c590 code [0x000000000345c700, 0x000000000345cab8]
Event: 4.760 Thread 0x0000000016b84800 1547       3       com.android.dx.rop.annotation.Annotation::getNameValuePairs (11 bytes)
Event: 4.760 Thread 0x0000000016b84800 nmethod 1547 0x000000000345cbd0 code [0x000000000345cd80, 0x000000000345d3c8]
Event: 4.760 Thread 0x0000000016b84800 1548       3       com.android.dx.dex.file.ValueEncoder::addContents (75 bytes)
Event: 4.762 Thread 0x0000000016b84800 nmethod 1548 0x000000000345d710 code [0x000000000345d9c0, 0x000000000345f018]
Event: 4.763 Thread 0x0000000016b84800 1549       3       com.android.dx.dex.file.IndexedItem::setIndex (24 bytes)
Event: 4.763 Thread 0x0000000016b84800 nmethod 1549 0x000000000345fc90 code [0x000000000345fe00, 0x0000000003460048]

GC Heap History (2 events):
Event: 3.042 GC heap before
{Heap before GC invocations=1 (full 0):
 PSYoungGen      total 38400K, used 33280K [0x00000000eab00000, 0x00000000ed580000, 0x0000000100000000)
  eden space 33280K, 100% used [0x00000000eab00000,0x00000000ecb80000,0x00000000ecb80000)
  from space 5120K, 0% used [0x00000000ed080000,0x00000000ed080000,0x00000000ed580000)
  to   space 5120K, 0% used [0x00000000ecb80000,0x00000000ecb80000,0x00000000ed080000)
 ParOldGen       total 87552K, used 0K [0x00000000c0000000, 0x00000000c5580000, 0x00000000eab00000)
  object space 87552K, 0% used [0x00000000c0000000,0x00000000c0000000,0x00000000c5580000)
 Metaspace       used 6045K, capacity 6960K, committed 7040K, reserved 1056768K
  class space    used 592K, capacity 616K, committed 640K, reserved 1048576K
Event: 4.031 GC heap after
Heap after GC invocations=1 (full 0):
 PSYoungGen      total 38400K, used 5105K [0x00000000eab00000, 0x00000000ed580000, 0x0000000100000000)
  eden space 33280K, 0% used [0x00000000eab00000,0x00000000eab00000,0x00000000ecb80000)
  from space 5120K, 99% used [0x00000000ecb80000,0x00000000ed07c570,0x00000000ed080000)
  to   space 5120K, 0% used [0x00000000ed080000,0x00000000ed080000,0x00000000ed580000)
 ParOldGen       total 87552K, used 2073K [0x00000000c0000000, 0x00000000c5580000, 0x00000000eab00000)
  object space 87552K, 2% used [0x00000000c0000000,0x00000000c0206410,0x00000000c5580000)
 Metaspace       used 6045K, capacity 6960K, committed 7040K, reserved 1056768K
  class space    used 592K, capacity 616K, committed 640K, reserved 1048576K
}

Deoptimization events (10 events):
Event: 4.694 Thread 0x0000000002d02800 Uncommon trap: reason=class_check action=maybe_recompile pc=0x0000000003332128 method=java.util.Arrays.hashCode([Ljava/lang/Object;)I @ 43
Event: 4.702 Thread 0x0000000002d02800 Uncommon trap: reason=bimorphic action=maybe_recompile pc=0x0000000003044768 method=java.util.HashMap.getNode(ILjava/lang/Object;)Ljava/util/HashMap$Node; @ 126
Event: 4.703 Thread 0x0000000002d02800 Uncommon trap: reason=bimorphic action=maybe_recompile pc=0x0000000003044768 method=java.util.HashMap.getNode(ILjava/lang/Object;)Ljava/util/HashMap$Node; @ 126
Event: 4.704 Thread 0x0000000002d02800 Uncommon trap: reason=bimorphic action=maybe_recompile pc=0x0000000003044768 method=java.util.HashMap.getNode(ILjava/lang/Object;)Ljava/util/HashMap$Node; @ 126
Event: 4.704 Thread 0x0000000002d02800 Uncommon trap: reason=class_check action=maybe_recompile pc=0x00000000032c6c90 method=java.util.HashMap.putVal(ILjava/lang/Object;Ljava/lang/Object;ZZ)Ljava/lang/Object; @ 203
Event: 4.705 Thread 0x0000000002d02800 Uncommon trap: reason=bimorphic action=maybe_recompile pc=0x0000000003044768 method=java.util.HashMap.getNode(ILjava/lang/Object;)Ljava/util/HashMap$Node; @ 126
Event: 4.705 Thread 0x0000000002d02800 Uncommon trap: reason=bimorphic action=maybe_recompile pc=0x00000000032d9854 method=java.util.HashMap.getNode(ILjava/lang/Object;)Ljava/util/HashMap$Node; @ 126
Event: 4.705 Thread 0x0000000002d02800 Uncommon trap: reason=class_check action=maybe_recompile pc=0x00000000032c6c90 method=java.util.HashMap.putVal(ILjava/lang/Object;Ljava/lang/Object;ZZ)Ljava/lang/Object; @ 203
Event: 4.708 Thread 0x0000000002d02800 Uncommon trap: reason=class_check action=maybe_recompile pc=0x00000000032c6c90 method=java.util.HashMap.putVal(ILjava/lang/Object;Ljava/lang/Object;ZZ)Ljava/lang/Object; @ 203
Event: 4.728 Thread 0x0000000002d02800 Uncommon trap: reason=class_check action=maybe_recompile pc=0x00000000032c6c90 method=java.util.HashMap.putVal(ILjava/lang/Object;Ljava/lang/Object;ZZ)Ljava/lang/Object; @ 203

Internal exceptions (3 events):
Event: 0.062 Thread 0x0000000002d02800 Exception <a 'java/lang/NoSuchMethodError': Method sun.misc.Unsafe.defineClass(Ljava/lang/String;[BII)Ljava/lang/Class; name or signature does not match> (0x00000000eab12f08) thrown at [C:\re\workspace\8-2-build-windows-amd64-cygwin\jdk8u51\3951\hotspot\sr¡|è¿äØ?
Event: 0.062 Thread 0x0000000002d02800 Exception <a 'java/lang/NoSuchMethodError': Method sun.misc.Unsafe.prefetchRead(Ljava/lang/Object;J)V name or signature does not match> (0x00000000eab13198) thrown at [C:\re\workspace\8-2-build-windows-amd64-cygwin\jdk8u51\3951\hotspot\src\share\vm\prims\jÙ∑†∞ìÄ˘?
Event: 1.594 Thread 0x0000000002d02800 Implicit null exception at 0x000000000314b925 to 0x000000000314e699

Events (10 events):
Event: 4.708 Thread 0x0000000002d02800 DEOPT PACKING pc=0x00000000032c6c90 sp=0x0000000002c5ecb0
Event: 4.708 Thread 0x0000000002d02800 DEOPT UNPACKING pc=0x0000000002e4582a sp=0x0000000002c5ec38 mode 2
Event: 4.712 loading class com/android/dx/dex/file/CatchStructs
Event: 4.712 loading class com/android/dx/dex/file/CatchStructs done
Event: 4.727 Thread 0x0000000016d2b800 Thread exited: 0x0000000016d2b800
Event: 4.728 Thread 0x0000000002d02800 Uncommon trap: trap_request=0xffffffde fr.pc=0x00000000032c6c90
Event: 4.728 Thread 0x0000000002d02800 DEOPT PACKING pc=0x00000000032c6c90 sp=0x0000000002c5eb20
Event: 4.728 Thread 0x0000000002d02800 DEOPT UNPACKING pc=0x0000000002e4582a sp=0x0000000002c5eaa8 mode 2
Event: 4.763 loading class com/android/dx/dex/file/ProtoIdItem
Event: 4.763 loading class com/android/dx/dex/file/ProtoIdItem done


Dynamic libraries:
0x00007ff732d40000 - 0x00007ff732d77000 	C:\Program Files\Java\jdk1.8.0_51\bin\java.exe
0x00007ff887920000 - 0x00007ff887acc000 	C:\Windows\SYSTEM32\ntdll.dll
0x00007ff884e90000 - 0x00007ff884fce000 	C:\Windows\system32\KERNEL32.DLL
0x00007ff8847f0000 - 0x00007ff884905000 	C:\Windows\system32\KERNELBASE.dll
0x00007ff883280000 - 0x00007ff88330e000 	C:\Windows\system32\apphelp.dll
0x00007ff86ea60000 - 0x00007ff86eab3000 	C:\Windows\AppPatch\AppPatch64\AcGenral.DLL
0x00007ff885d10000 - 0x00007ff885dba000 	C:\Windows\system32\msvcrt.dll
0x00007ff884520000 - 0x00007ff88454e000 	C:\Windows\SYSTEM32\SspiCli.dll
0x00007ff885030000 - 0x00007ff885084000 	C:\Windows\system32\SHLWAPI.dll
0x00007ff887420000 - 0x00007ff887597000 	C:\Windows\system32\USER32.dll
0x00007ff885a70000 - 0x00007ff885c04000 	C:\Windows\system32\ole32.dll
0x00007ff885dc0000 - 0x00007ff8872d9000 	C:\Windows\system32\SHELL32.dll
0x00007ff883cf0000 - 0x00007ff883d11000 	C:\Windows\SYSTEM32\USERENV.dll
0x00007ff8875a0000 - 0x00007ff88764a000 	C:\Windows\system32\ADVAPI32.dll
0x00007ff87c790000 - 0x00007ff87c7ae000 	C:\Windows\SYSTEM32\MPR.dll
0x00007ff885530000 - 0x00007ff885671000 	C:\Windows\system32\RPCRT4.dll
0x00007ff885c10000 - 0x00007ff885c69000 	C:\Windows\SYSTEM32\sechost.dll
0x00007ff885250000 - 0x00007ff885461000 	C:\Windows\SYSTEM32\combase.dll
0x00007ff8857b0000 - 0x00007ff885901000 	C:\Windows\system32\GDI32.dll
0x00007ff884680000 - 0x00007ff884695000 	C:\Windows\SYSTEM32\profapi.dll
0x00007ff8831c0000 - 0x00007ff883272000 	C:\Windows\SYSTEM32\SHCORE.dll
0x00007ff885770000 - 0x00007ff8857a6000 	C:\Windows\system32\IMM32.DLL
0x00007ff885910000 - 0x00007ff885a63000 	C:\Windows\system32\MSCTF.dll
0x00007ff8823d0000 - 0x00007ff88264b000 	C:\Windows\WinSxS\amd64_microsoft.windows.common-controls_6595b64144ccf1df_6.0.9600.17415_none_6240486fecbd8abb\COMCTL32.dll
0x0000000067420000 - 0x00000000674f2000 	C:\Program Files\Java\jdk1.8.0_51\jre\bin\msvcr100.dll
0x00000000678a0000 - 0x0000000068123000 	C:\Program Files\Java\jdk1.8.0_51\jre\bin\server\jvm.dll
0x00007ff87c810000 - 0x00007ff87c819000 	C:\Windows\SYSTEM32\WSOCK32.dll
0x00007ff8847b0000 - 0x00007ff8847d2000 	C:\Windows\system32\WINMM.dll
0x00007ff881e80000 - 0x00007ff881e8a000 	C:\Windows\SYSTEM32\VERSION.dll
0x00007ff884ca0000 - 0x00007ff884ca7000 	C:\Windows\system32\PSAPI.DLL
0x00007ff8873a0000 - 0x00007ff8873fa000 	C:\Windows\system32\WS2_32.dll
0x00007ff884760000 - 0x00007ff88478a000 	C:\Windows\system32\WINMMBASE.dll
0x00007ff8877c0000 - 0x00007ff8877c9000 	C:\Windows\system32\NSI.dll
0x00007ff884c50000 - 0x00007ff884c9f000 	C:\Windows\SYSTEM32\cfgmgr32.dll
0x00007ff884730000 - 0x00007ff884758000 	C:\Windows\system32\DEVOBJ.dll
0x0000000067890000 - 0x000000006789f000 	C:\Program Files\Java\jdk1.8.0_51\jre\bin\verify.dll
0x0000000067860000 - 0x0000000067889000 	C:\Program Files\Java\jdk1.8.0_51\jre\bin\java.dll
0x0000000067840000 - 0x0000000067856000 	C:\Program Files\Java\jdk1.8.0_51\jre\bin\zip.dll
0x00007ff867d50000 - 0x00007ff867eda000 	C:\Windows\SYSTEM32\dbghelp.dll

VM Arguments:
jvm_args: -Djava.awt.headless=true -Xmx1024M -Dfile.encoding=GBK -Duser.country=CN -Duser.language=zh -Duser.variant 
java_command: com.android.dx.command.Main --dex --num-threads=4 --output D:\Yakami Studio\Android Studio\Uranus\app\build\intermediates\pre-dexed\debug\Volley_26f000e7fde57e17e64a2fc1042c33dddf4977ba.jar D:\Yakami Studio\Android Studio\Uranus\app\libs\Volley.jar
java_class_path (initial): E:\AndroidSDK\build-tools\23.0.2\lib\dx.jar
Launcher Type: SUN_STANDARD

Environment Variables:
PATH=C:\Python27\;C:\Python27\Scripts;C:\ProgramData\Oracle\Java\javapath;C:\Program Files (x86)\NVIDIA Corporation\PhysX\Common;C:\Windows\system32;C:\Windows;C:\Windows\System32\Wbem;C:\Windows\System32\WindowsPowerShell\v1.0\;C:\Program Files (x86)\Windows Kits\8.1\Windows Performance Toolkit\;C:\Program Files\Microsoft SQL Server\110\Tools\Binn\;D:\Program Files (x86)\QuickTime\QTSystem\;C:\Program Files (x86)\Microsoft SQL Server\100\Tools\Binn\;C:\Program Files\Microsoft SQL Server\100\Tools\Binn\;C:\Program Files\Microsoft SQL Server\100\DTS\Binn\;C:\Program Files (x86)\Microsoft SQL Server\100\Tools\Binn\VSShell\Common7\IDE\;C:\Program Files (x86)\Microsoft Visual Studio 9.0\Common7\IDE\PrivateAssemblies\;C:\Program Files (x86)\Microsoft SQL Server\100\DTS\Binn\;C:\Program Files\Microsoft SQL Server\120\Tools\Binn\;C:\Program Files\nodejs\;C:\Users\Yakami\.dnx\bin;C:\Users\Yakami\AppData\Roaming\npm;C:\Users\Yakami\gradle\gradle-2.12\bin
USERNAME=Yakami
OS=Windows_NT
PROCESSOR_IDENTIFIER=Intel64 Family 6 Model 58 Stepping 9, GenuineIntel



---------------  S Y S T E M  ---------------

OS: Windows 8.1 , 64 bit Build 9600 (6.3.9600.17415)

CPU:total 4 (2 cores per cpu, 2 threads per core) family 6 model 58 stepping 9, cmov, cx8, fxsr, mmx, sse, sse2, sse3, ssse3, sse4.1, sse4.2, popcnt, avx, aes, clmul, erms, ht, tsc, tscinvbit, tscinv

Memory: 4k page, physical 8337772k(948508k free), swap 12433772k(5096k free)

vm_info: Java HotSpot(TM) 64-Bit Server VM (25.51-b03) for windows-amd64 JRE (1.8.0_51-b16), built on Jun  8 2015 18:03:07 by "java_re" with MS VC++ 10.0 (VS2010)

time: Thu Apr 21 22:01:27 2016
elapsed time: 4 seconds (0d 0h 0m 4s)

