#
# There is insufficient memory for the Java Runtime Environment to continue.
# Native memory allocation (malloc) failed to allocate 1835584 bytes for Chunk::new
# Possible reasons:
#   The system is out of physical RAM or swap space
#   In 32 bit mode, the process size limit was hit
# Possible solutions:
#   Reduce memory load on the system
#   Increase physical memory or swap space
#   Check if swap backing store is full
#   Use 64 bit Java on a 64 bit OS
#   Decrease Java heap size (-Xmx/-Xms)
#   Decrease number of Java threads
#   Decrease Java thread stack sizes (-Xss)
#   Set larger code cache with -XX:ReservedCodeCacheSize=
# This output file may be truncated or incomplete.
#
#  Out of Memory Error (allocation.cpp:390), pid=15216, tid=15008
#
# JRE version: Java(TM) SE Runtime Environment (8.0_51-b16) (build 1.8.0_51-b16)
# Java VM: Java HotSpot(TM) 64-Bit Server VM (25.51-b03 mixed mode windows-amd64 compressed oops)
# Failed to write core dump. Minidumps are not enabled by default on client versions of Windows
#

---------------  T H R E A D  ---------------

Current thread (0x000000001675d800):  JavaThread "C2 CompilerThread1" daemon [_thread_in_native, id=15008, stack(0x0000000016b10000,0x0000000016c10000)]

Stack: [0x0000000016b10000,0x0000000016c10000]
Native frames: (J=compiled Java code, j=interpreted, Vv=VM code, C=native code)
V  [jvm.dll+0x32b4ca]
V  [jvm.dll+0x2797e3]
V  [jvm.dll+0x27a479]
V  [jvm.dll+0x271765]
V  [jvm.dll+0xcba02]
V  [jvm.dll+0xcbecc]
V  [jvm.dll+0x492ad7]
V  [jvm.dll+0x45f98a]
V  [jvm.dll+0x46a7cb]
V  [jvm.dll+0x46cde2]
V  [jvm.dll+0x4501a2]
V  [jvm.dll+0xa43a2]
V  [jvm.dll+0xa4cdf]
V  [jvm.dll+0x2418a4]
V  [jvm.dll+0x29846a]
C  [msvcr100.dll+0x21d9f]
C  [msvcr100.dll+0x21e3b]
C  [KERNEL32.DLL+0x13d2]
C  [ntdll.dll+0x703c4]


Current CompileTask:
C2:  25708 2400       4       com.android.dx.dex.cf.CfTranslator::translate0 (259 bytes)


---------------  P R O C E S S  ---------------

Java Threads: ( => current thread )
  0x0000000016a2f800 JavaThread "pool-1-thread-4" [_thread_blocked, id=824, stack(0x0000000017b10000,0x0000000017c10000)]
  0x0000000016a2f000 JavaThread "pool-1-thread-3" [_thread_blocked, id=11900, stack(0x0000000017a10000,0x0000000017b10000)]
  0x0000000016a2d800 JavaThread "pool-1-thread-2" [_thread_blocked, id=15952, stack(0x0000000017910000,0x0000000017a10000)]
  0x0000000016a29800 JavaThread "pool-2-thread-1" [_thread_blocked, id=13528, stack(0x0000000017810000,0x0000000017910000)]
  0x0000000016a28800 JavaThread "pool-1-thread-1" [_thread_in_Java, id=13380, stack(0x0000000017710000,0x0000000017810000)]
  0x0000000016781000 JavaThread "Service Thread" daemon [_thread_blocked, id=10288, stack(0x0000000016d10000,0x0000000016e10000)]
  0x0000000016775000 JavaThread "C1 CompilerThread2" daemon [_thread_blocked, id=10352, stack(0x0000000016c10000,0x0000000016d10000)]
=>0x000000001675d800 JavaThread "C2 CompilerThread1" daemon [_thread_in_native, id=15008, stack(0x0000000016b10000,0x0000000016c10000)]
  0x000000001510c000 JavaThread "C2 CompilerThread0" daemon [_thread_blocked, id=9332, stack(0x0000000016610000,0x0000000016710000)]
  0x0000000015109000 JavaThread "Attach Listener" daemon [_thread_blocked, id=7964, stack(0x0000000016510000,0x0000000016610000)]
  0x00000000150be800 JavaThread "Signal Dispatcher" daemon [_thread_blocked, id=8452, stack(0x0000000016410000,0x0000000016510000)]
  0x00000000029d6800 JavaThread "Finalizer" daemon [_thread_blocked, id=14080, stack(0x0000000016310000,0x0000000016410000)]
  0x00000000029ce800 JavaThread "Reference Handler" daemon [_thread_blocked, id=16568, stack(0x0000000016210000,0x0000000016310000)]
  0x000000000248d800 JavaThread "main" [_thread_blocked, id=13616, stack(0x0000000002490000,0x0000000002590000)]

Other Threads:
  0x0000000015077800 VMThread [stack: 0x0000000016110000,0x0000000016210000] [id=16352]
  0x0000000016783000 WatcherThread [stack: 0x0000000016e10000,0x0000000016f10000] [id=11592]

VM state:not at safepoint (normal execution)

VM Mutex/Monitor currently owned by a thread: None

Heap:
 PSYoungGen      total 110592K, used 9026K [0x00000000eab00000, 0x00000000fef00000, 0x0000000100000000)
  eden space 105472K, 8% used [0x00000000eab00000,0x00000000eb3d0948,0x00000000f1200000)
  from space 5120K, 0% used [0x00000000f3200000,0x00000000f3200000,0x00000000f3700000)
  to   space 32768K, 0% used [0x00000000f1200000,0x00000000f1200000,0x00000000f3200000)
 ParOldGen       total 146944K, used 68148K [0x00000000c0000000, 0x00000000c8f80000, 0x00000000eab00000)
  object space 146944K, 46% used [0x00000000c0000000,0x00000000c428d150,0x00000000c8f80000)
 Metaspace       used 6544K, capacity 7256K, committed 7424K, reserved 1056768K
  class space    used 620K, capacity 656K, committed 768K, reserved 1048576K

Card table byte_map: [0x0000000011da0000,0x0000000011fb0000] byte_map_base: 0x00000000117a0000

Marking Bits: (ParMarkBitMap*) 0x00000000680a4040
 Begin Bits: [0x0000000012510000, 0x0000000013510000)
 End Bits:   [0x0000000013510000, 0x0000000014510000)

Polling page: 0x0000000000d10000

CodeCache: size=245760Kb used=12509Kb max_used=12538Kb free=233250Kb
 bounds [0x00000000029e0000, 0x0000000003630000, 0x00000000119e0000]
 total_blobs=2641 nmethods=2370 adapters=184
 compilation: enabled

Compilation events (10 events):
Event: 25.024 Thread 0x0000000016775000 nmethod 2412 0x00000000035fba10 code [0x00000000035fbcc0, 0x00000000035fd0f8]
Event: 25.024 Thread 0x0000000016775000 2414       3       java.util.HashMap::resize (359 bytes)
Event: 25.025 Thread 0x0000000016775000 nmethod 2414 0x00000000035f7a90 code [0x00000000035f7ce0, 0x00000000035f8f08]
Event: 25.025 Thread 0x0000000016775000 2416       1       java.lang.ref.Finalizer::access$000 (4 bytes)
Event: 25.025 Thread 0x0000000016775000 nmethod 2416 0x0000000003557850 code [0x00000000035579a0, 0x0000000003557a90]
Event: 25.025 Thread 0x0000000016775000 2415       1       java.lang.ref.Reference::access$100 (4 bytes)
Event: 25.025 Thread 0x0000000016775000 nmethod 2415 0x00000000035cbf10 code [0x00000000035cc060, 0x00000000035cc150]
Event: 25.442 Thread 0x000000001510c000 nmethod 2398 0x000000000361c310 code [0x000000000361c880, 0x0000000003621180]
Event: 25.442 Thread 0x000000001510c000 2413       4       java.util.HashMap$Node::<init> (26 bytes)
Event: 25.442 Thread 0x000000001510c000 nmethod 2413 0x00000000032b2990 code [0x00000000032b2ac0, 0x00000000032b2b58]

GC Heap History (10 events):
Event: 14.039 GC heap before
{Heap before GC invocations=3 (full 0):
 PSYoungGen      total 71680K, used 71658K [0x00000000eab00000, 0x00000000ef600000, 0x0000000100000000)
  eden space 66560K, 100% used [0x00000000eab00000,0x00000000eec00000,0x00000000eec00000)
  from space 5120K, 99% used [0x00000000ef100000,0x00000000ef5fabe0,0x00000000ef600000)
  to   space 5120K, 0% used [0x00000000eec00000,0x00000000eec00000,0x00000000ef100000)
 ParOldGen       total 87552K, used 4079K [0x00000000c0000000, 0x00000000c5580000, 0x00000000eab00000)
  object space 87552K, 4% used [0x00000000c0000000,0x00000000c03fbdc8,0x00000000c5580000)
 Metaspace       used 6293K, capacity 7152K, committed 7296K, reserved 1056768K
  class space    used 598K, capacity 616K, committed 640K, reserved 1048576K
Event: 14.525 GC heap after
Heap after GC invocations=3 (full 0):
 PSYoungGen      total 71680K, used 5110K [0x00000000eab00000, 0x00000000f3700000, 0x0000000100000000)
  eden space 66560K, 0% used [0x00000000eab00000,0x00000000eab00000,0x00000000eec00000)
  from space 5120K, 99% used [0x00000000eec00000,0x00000000ef0fd8e0,0x00000000ef100000)
  to   space 5120K, 0% used [0x00000000f3200000,0x00000000f3200000,0x00000000f3700000)
 ParOldGen       total 87552K, used 13623K [0x00000000c0000000, 0x00000000c5580000, 0x00000000eab00000)
  object space 87552K, 15% used [0x00000000c0000000,0x00000000c0d4df50,0x00000000c5580000)
 Metaspace       used 6293K, capacity 7152K, committed 7296K, reserved 1056768K
  class space    used 598K, capacity 616K, committed 640K, reserved 1048576K
}
Event: 17.153 GC heap before
{Heap before GC invocations=4 (full 0):
 PSYoungGen      total 71680K, used 71670K [0x00000000eab00000, 0x00000000f3700000, 0x0000000100000000)
  eden space 66560K, 100% used [0x00000000eab00000,0x00000000eec00000,0x00000000eec00000)
  from space 5120K, 99% used [0x00000000eec00000,0x00000000ef0fd8e0,0x00000000ef100000)
  to   space 5120K, 0% used [0x00000000f3200000,0x00000000f3200000,0x00000000f3700000)
 ParOldGen       total 87552K, used 13623K [0x00000000c0000000, 0x00000000c5580000, 0x00000000eab00000)
  object space 87552K, 15% used [0x00000000c0000000,0x00000000c0d4df50,0x00000000c5580000)
 Metaspace       used 6385K, capacity 7216K, committed 7296K, reserved 1056768K
  class space    used 598K, capacity 616K, committed 640K, reserved 1048576K
Event: 17.505 GC heap after
Heap after GC invocations=4 (full 0):
 PSYoungGen      total 138240K, used 5095K [0x00000000eab00000, 0x00000000f3700000, 0x0000000100000000)
  eden space 133120K, 0% used [0x00000000eab00000,0x00000000eab00000,0x00000000f2d00000)
  from space 5120K, 99% used [0x00000000f3200000,0x00000000f36f9c48,0x00000000f3700000)
  to   space 5120K, 0% used [0x00000000f2d00000,0x00000000f2d00000,0x00000000f3200000)
 ParOldGen       total 87552K, used 24607K [0x00000000c0000000, 0x00000000c5580000, 0x00000000eab00000)
  object space 87552K, 28% used [0x00000000c0000000,0x00000000c1807ef8,0x00000000c5580000)
 Metaspace       used 6385K, capacity 7216K, committed 7296K, reserved 1056768K
  class space    used 598K, capacity 616K, committed 640K, reserved 1048576K
}
Event: 20.799 GC heap before
{Heap before GC invocations=5 (full 0):
 PSYoungGen      total 138240K, used 138215K [0x00000000eab00000, 0x00000000f3700000, 0x0000000100000000)
  eden space 133120K, 100% used [0x00000000eab00000,0x00000000f2d00000,0x00000000f2d00000)
  from space 5120K, 99% used [0x00000000f3200000,0x00000000f36f9c48,0x00000000f3700000)
  to   space 5120K, 0% used [0x00000000f2d00000,0x00000000f2d00000,0x00000000f3200000)
 ParOldGen       total 87552K, used 24607K [0x00000000c0000000, 0x00000000c5580000, 0x00000000eab00000)
  object space 87552K, 28% used [0x00000000c0000000,0x00000000c1807ef8,0x00000000c5580000)
 Metaspace       used 6518K, capacity 7256K, committed 7424K, reserved 1056768K
  class space    used 618K, capacity 656K, committed 768K, reserved 1048576K
Event: 20.897 GC heap after
Heap after GC invocations=5 (full 0):
 PSYoungGen      total 138240K, used 5098K [0x00000000eab00000, 0x00000000f3700000, 0x0000000100000000)
  eden space 133120K, 0% used [0x00000000eab00000,0x00000000eab00000,0x00000000f2d00000)
  from space 5120K, 99% used [0x00000000f2d00000,0x00000000f31fa9d8,0x00000000f3200000)
  to   space 5120K, 0% used [0x00000000f3200000,0x00000000f3200000,0x00000000f3700000)
 ParOldGen       total 87552K, used 46395K [0x00000000c0000000, 0x00000000c5580000, 0x00000000eab00000)
  object space 87552K, 52% used [0x00000000c0000000,0x00000000c2d4ec88,0x00000000c5580000)
 Metaspace       used 6518K, capacity 7256K, committed 7424K, reserved 1056768K
  class space    used 618K, capacity 656K, committed 768K, reserved 1048576K
}
Event: 21.377 GC heap before
{Heap before GC invocations=6 (full 0):
 PSYoungGen      total 138240K, used 138218K [0x00000000eab00000, 0x00000000f3700000, 0x0000000100000000)
  eden space 133120K, 100% used [0x00000000eab00000,0x00000000f2d00000,0x00000000f2d00000)
  from space 5120K, 99% used [0x00000000f2d00000,0x00000000f31fa9d8,0x00000000f3200000)
  to   space 5120K, 0% used [0x00000000f3200000,0x00000000f3200000,0x00000000f3700000)
 ParOldGen       total 87552K, used 46395K [0x00000000c0000000, 0x00000000c5580000, 0x00000000eab00000)
  object space 87552K, 52% used [0x00000000c0000000,0x00000000c2d4ec88,0x00000000c5580000)
 Metaspace       used 6542K, capacity 7256K, committed 7424K, reserved 1056768K
  class space    used 620K, capacity 656K, committed 768K, reserved 1048576K
Event: 21.466 GC heap after
Heap after GC invocations=6 (full 0):
 PSYoungGen      total 110592K, used 5089K [0x00000000eab00000, 0x00000000fef00000, 0x0000000100000000)
  eden space 105472K, 0% used [0x00000000eab00000,0x00000000eab00000,0x00000000f1200000)
  from space 5120K, 99% used [0x00000000f3200000,0x00000000f36f8640,0x00000000f3700000)
  to   space 32768K, 0% used [0x00000000f1200000,0x00000000f1200000,0x00000000f3200000)
 ParOldGen       total 87552K, used 66286K [0x00000000c0000000, 0x00000000c5580000, 0x00000000eab00000)
  object space 87552K, 75% used [0x00000000c0000000,0x00000000c40bb920,0x00000000c5580000)
 Metaspace       used 6542K, capacity 7256K, committed 7424K, reserved 1056768K
  class space    used 620K, capacity 656K, committed 768K, reserved 1048576K
}
Event: 21.466 GC heap before
{Heap before GC invocations=7 (full 1):
 PSYoungGen      total 110592K, used 5089K [0x00000000eab00000, 0x00000000fef00000, 0x0000000100000000)
  eden space 105472K, 0% used [0x00000000eab00000,0x00000000eab00000,0x00000000f1200000)
  from space 5120K, 99% used [0x00000000f3200000,0x00000000f36f8640,0x00000000f3700000)
  to   space 32768K, 0% used [0x00000000f1200000,0x00000000f1200000,0x00000000f3200000)
 ParOldGen       total 87552K, used 66286K [0x00000000c0000000, 0x00000000c5580000, 0x00000000eab00000)
  object space 87552K, 75% used [0x00000000c0000000,0x00000000c40bb920,0x00000000c5580000)
 Metaspace       used 6542K, capacity 7256K, committed 7424K, reserved 1056768K
  class space    used 620K, capacity 656K, committed 768K, reserved 1048576K
Event: 24.675 GC heap after
Heap after GC invocations=7 (full 1):
 PSYoungGen      total 110592K, used 0K [0x00000000eab00000, 0x00000000fef00000, 0x0000000100000000)
  eden space 105472K, 0% used [0x00000000eab00000,0x00000000eab00000,0x00000000f1200000)
  from space 5120K, 0% used [0x00000000f3200000,0x00000000f3200000,0x00000000f3700000)
  to   space 32768K, 0% used [0x00000000f1200000,0x00000000f1200000,0x00000000f3200000)
 ParOldGen       total 146944K, used 68148K [0x00000000c0000000, 0x00000000c8f80000, 0x00000000eab00000)
  object space 146944K, 46% used [0x00000000c0000000,0x00000000c428d150,0x00000000c8f80000)
 Metaspace       used 6542K, capacity 7256K, committed 7424K, reserved 1056768K
  class space    used 620K, capacity 656K, committed 768K, reserved 1048576K
}

Deoptimization events (10 events):
Event: 20.955 Thread 0x0000000016a2f000 Uncommon trap: reason=unstable_if action=reinterpret pc=0x000000000337633c method=java.util.HashMap.putVal(ILjava/lang/Object;Ljava/lang/Object;ZZ)Ljava/lang/Object; @ 162
Event: 20.955 Thread 0x0000000016a2f000 Uncommon trap: reason=unstable_if action=reinterpret pc=0x000000000347afb4 method=java.util.HashMap.getNode(ILjava/lang/Object;)Ljava/util/HashMap$Node; @ 84
Event: 21.002 Thread 0x000000000248d800 Uncommon trap: reason=bimorphic action=maybe_recompile pc=0x00000000035839ac method=com.android.dx.cf.code.BytecodeArray.parseInstruction(ILcom/android/dx/cf/code/BytecodeArray$Visitor;)I @ 1035
Event: 21.002 Thread 0x000000000248d800 Uncommon trap: reason=bimorphic action=maybe_recompile pc=0x0000000003583870 method=com.android.dx.cf.code.BytecodeArray.parseInstruction(ILcom/android/dx/cf/code/BytecodeArray$Visitor;)I @ 987
Event: 21.002 Thread 0x000000000248d800 Uncommon trap: reason=bimorphic action=maybe_recompile pc=0x0000000003583a2c method=com.android.dx.cf.code.BytecodeArray.parseInstruction(ILcom/android/dx/cf/code/BytecodeArray$Visitor;)I @ 1051
Event: 21.002 Thread 0x000000000248d800 Uncommon trap: reason=bimorphic action=maybe_recompile pc=0x00000000035839ac method=com.android.dx.cf.code.BytecodeArray.parseInstruction(ILcom/android/dx/cf/code/BytecodeArray$Visitor;)I @ 1035
Event: 21.075 Thread 0x000000000248d800 Uncommon trap: reason=unstable_if action=reinterpret pc=0x00000000034c45b8 method=com.android.dx.cf.direct.StdAttributeFactory.parse0(Lcom/android/dx/cf/direct/DirectClassFile;ILjava/lang/String;IILcom/android/dx/cf/iface/ParseObserver;)Lcom/android/dx/cf/‘ùjWK5@
Event: 21.294 Thread 0x0000000016a2f800 Uncommon trap: reason=bimorphic action=maybe_recompile pc=0x00000000035d24e0 method=com.android.dx.cf.code.BytecodeArray.parseInstruction(ILcom/android/dx/cf/code/BytecodeArray$Visitor;)I @ 1287
Event: 21.294 Thread 0x0000000016a2f800 Uncommon trap: reason=bimorphic action=maybe_recompile pc=0x00000000035d24e0 method=com.android.dx.cf.code.BytecodeArray.parseInstruction(ILcom/android/dx/cf/code/BytecodeArray$Visitor;)I @ 1287
Event: 25.006 Thread 0x0000000016a28800 Uncommon trap: reason=unstable_if action=reinterpret pc=0x0000000002fc9040 method=java.util.HashMap.resize()[Ljava/util/HashMap$Node; @ 206

Internal exceptions (8 events):
Event: 0.070 Thread 0x000000000248d800 Exception <a 'java/lang/NoSuchMethodError': Method sun.misc.Unsafe.defineClass(Ljava/lang/String;[BII)Ljava/lang/Class; name or signature does not match> (0x00000000eab12b30) thrown at [C:\re\workspace\8-2-build-windows-amd64-cygwin\jdk8u51\3951\hotspot\sr!^v›'ü±?
Event: 0.070 Thread 0x000000000248d800 Exception <a 'java/lang/NoSuchMethodError': Method sun.misc.Unsafe.prefetchRead(Ljava/lang/Object;J)V name or signature does not match> (0x00000000eab12dc0) thrown at [C:\re\workspace\8-2-build-windows-amd64-cygwin\jdk8u51\3951\hotspot\src\share\vm\prims\j•“wž´ïþ?
Event: 1.934 Thread 0x0000000016a2f000 Implicit null exception at 0x0000000002d41262 to 0x0000000002d41361
Event: 7.166 Thread 0x0000000016a28800 Implicit null exception at 0x0000000003066298 to 0x0000000003069575
Event: 17.734 Thread 0x0000000016a2f800 Implicit null exception at 0x0000000002d95678 to 0x0000000002d958c5
Event: 20.332 Thread 0x0000000016a2f800 Exception <a 'java/lang/ArrayIndexOutOfBoundsException': 18> (0x00000000f03d84e0) thrown at [C:\re\workspace\8-2-build-windows-amd64-cygwin\jdk8u51\3951\hotspot\src\share\vm\interpreter\interpreterRuntime.cpp, line 366]
Event: 20.334 Thread 0x0000000016a2f800 Exception <a 'java/lang/ArrayIndexOutOfBoundsException'> (0x00000000f03d9fb0) thrown at [C:\re\workspace\8-2-build-windows-amd64-cygwin\jdk8u51\3951\hotspot\src\share\vm\runtime\sharedRuntime.cpp, line 605]
Event: 20.338 Thread 0x0000000016a2f800 Exception <a 'java/lang/ArrayIndexOutOfBoundsException'> (0x00000000f03db1e8) thrown at [C:\re\workspace\8-2-build-windows-amd64-cygwin\jdk8u51\3951\hotspot\src\share\vm\runtime\sharedRuntime.cpp, line 605]

Events (10 events):
Event: 21.302 Thread 0x000000000248d800 DEOPT UNPACKING pc=0x0000000002a2787f sp=0x000000000258e5e0 mode 0
Event: 21.361 loading class java/util/HashMap$KeySet
Event: 21.361 loading class java/util/HashMap$KeySet done
Event: 21.361 loading class java/util/HashMap$KeyIterator
Event: 21.361 loading class java/util/HashMap$KeyIterator done
Event: 21.364 Executing VM operation: ParallelGCFailedAllocation
Event: 24.675 Executing VM operation: ParallelGCFailedAllocation done
Event: 25.006 Thread 0x0000000016a28800 Uncommon trap: trap_request=0xffffff65 fr.pc=0x0000000002fc9040
Event: 25.006 Thread 0x0000000016a28800 DEOPT PACKING pc=0x0000000002fc9040 sp=0x000000001780e380
Event: 25.006 Thread 0x0000000016a28800 DEOPT UNPACKING pc=0x0000000002a2582a sp=0x000000001780e2e8 mode 2


Dynamic libraries:
0x00007ff732d40000 - 0x00007ff732d77000 	C:\Program Files\Java\jdk1.8.0_51\bin\java.exe
0x00007ff887920000 - 0x00007ff887acc000 	C:\Windows\SYSTEM32\ntdll.dll
0x00007ff884e90000 - 0x00007ff884fce000 	C:\Windows\system32\KERNEL32.DLL
0x00007ff8847f0000 - 0x00007ff884905000 	C:\Windows\system32\KERNELBASE.dll
0x00007ff883280000 - 0x00007ff88330e000 	C:\Windows\system32\apphelp.dll
0x00007ff86ea60000 - 0x00007ff86eab3000 	C:\Windows\AppPatch\AppPatch64\AcGenral.DLL
0x00007ff885d10000 - 0x00007ff885dba000 	C:\Windows\system32\msvcrt.dll
0x00007ff884520000 - 0x00007ff88454e000 	C:\Windows\SYSTEM32\SspiCli.dll
0x00007ff885030000 - 0x00007ff885084000 	C:\Windows\system32\SHLWAPI.dll
0x00007ff887420000 - 0x00007ff887597000 	C:\Windows\system32\USER32.dll
0x00007ff885a70000 - 0x00007ff885c04000 	C:\Windows\system32\ole32.dll
0x00007ff885dc0000 - 0x00007ff8872d9000 	C:\Windows\system32\SHELL32.dll
0x00007ff883cf0000 - 0x00007ff883d11000 	C:\Windows\SYSTEM32\USERENV.dll
0x00007ff8875a0000 - 0x00007ff88764a000 	C:\Windows\system32\ADVAPI32.dll
0x00007ff87c790000 - 0x00007ff87c7ae000 	C:\Windows\SYSTEM32\MPR.dll
0x00007ff885530000 - 0x00007ff885671000 	C:\Windows\system32\RPCRT4.dll
0x00007ff885c10000 - 0x00007ff885c69000 	C:\Windows\SYSTEM32\sechost.dll
0x00007ff885250000 - 0x00007ff885461000 	C:\Windows\SYSTEM32\combase.dll
0x00007ff8857b0000 - 0x00007ff885901000 	C:\Windows\system32\GDI32.dll
0x00007ff884680000 - 0x00007ff884695000 	C:\Windows\SYSTEM32\profapi.dll
0x00007ff8831c0000 - 0x00007ff883272000 	C:\Windows\SYSTEM32\SHCORE.dll
0x00007ff885770000 - 0x00007ff8857a6000 	C:\Windows\system32\IMM32.DLL
0x00007ff885910000 - 0x00007ff885a63000 	C:\Windows\system32\MSCTF.dll
0x00007ff8823d0000 - 0x00007ff88264b000 	C:\Windows\WinSxS\amd64_microsoft.windows.common-controls_6595b64144ccf1df_6.0.9600.17415_none_6240486fecbd8abb\COMCTL32.dll
0x0000000067420000 - 0x00000000674f2000 	C:\Program Files\Java\jdk1.8.0_51\jre\bin\msvcr100.dll
0x00000000678a0000 - 0x0000000068123000 	C:\Program Files\Java\jdk1.8.0_51\jre\bin\server\jvm.dll
0x00007ff87c810000 - 0x00007ff87c819000 	C:\Windows\SYSTEM32\WSOCK32.dll
0x00007ff8847b0000 - 0x00007ff8847d2000 	C:\Windows\system32\WINMM.dll
0x00007ff881e80000 - 0x00007ff881e8a000 	C:\Windows\SYSTEM32\VERSION.dll
0x00007ff884ca0000 - 0x00007ff884ca7000 	C:\Windows\system32\PSAPI.DLL
0x00007ff8873a0000 - 0x00007ff8873fa000 	C:\Windows\system32\WS2_32.dll
0x00007ff884760000 - 0x00007ff88478a000 	C:\Windows\system32\WINMMBASE.dll
0x00007ff8877c0000 - 0x00007ff8877c9000 	C:\Windows\system32\NSI.dll
0x00007ff884c50000 - 0x00007ff884c9f000 	C:\Windows\SYSTEM32\cfgmgr32.dll
0x00007ff884730000 - 0x00007ff884758000 	C:\Windows\system32\DEVOBJ.dll
0x0000000067890000 - 0x000000006789f000 	C:\Program Files\Java\jdk1.8.0_51\jre\bin\verify.dll
0x0000000067860000 - 0x0000000067889000 	C:\Program Files\Java\jdk1.8.0_51\jre\bin\java.dll
0x0000000067840000 - 0x0000000067856000 	C:\Program Files\Java\jdk1.8.0_51\jre\bin\zip.dll
0x00007ff867d50000 - 0x00007ff867eda000 	C:\Windows\SYSTEM32\dbghelp.dll

VM Arguments:
jvm_args: -Djava.awt.headless=true -Xmx1024M -Dfile.encoding=GBK -Duser.country=CN -Duser.language=zh -Duser.variant 
java_command: com.android.dx.command.Main --dex --num-threads=4 --output D:\Yakami Studio\Android Studio\Uranus\app\build\intermediates\pre-dexed\debug\com.android.support-support-v4-23.1.1_6c3e4130aeeea5a0d020077dece7e52d4c24c490.jar D:\Yakami Studio\Android Studio\Uranus\app\build\intermediates\exploded-aar\com.android.support\support-v4\23.1.1\jars\classes.jar
java_class_path (initial): E:\AndroidSDK\build-tools\23.0.2\lib\dx.jar
Launcher Type: SUN_STANDARD

Environment Variables:
PATH=C:\Python27\;C:\Python27\Scripts;C:\ProgramData\Oracle\Java\javapath;C:\Program Files (x86)\NVIDIA Corporation\PhysX\Common;C:\Windows\system32;C:\Windows;C:\Windows\System32\Wbem;C:\Windows\System32\WindowsPowerShell\v1.0\;C:\Program Files (x86)\Windows Kits\8.1\Windows Performance Toolkit\;C:\Program Files\Microsoft SQL Server\110\Tools\Binn\;D:\Program Files (x86)\QuickTime\QTSystem\;C:\Program Files (x86)\Microsoft SQL Server\100\Tools\Binn\;C:\Program Files\Microsoft SQL Server\100\Tools\Binn\;C:\Program Files\Microsoft SQL Server\100\DTS\Binn\;C:\Program Files (x86)\Microsoft SQL Server\100\Tools\Binn\VSShell\Common7\IDE\;C:\Program Files (x86)\Microsoft Visual Studio 9.0\Common7\IDE\PrivateAssemblies\;C:\Program Files (x86)\Microsoft SQL Server\100\DTS\Binn\;C:\Program Files\Microsoft SQL Server\120\Tools\Binn\;C:\Program Files\nodejs\;C:\Users\Yakami\.dnx\bin;C:\Users\Yakami\AppData\Roaming\npm;C:\Users\Yakami\gradle\gradle-2.12\bin
USERNAME=Yakami
OS=Windows_NT
PROCESSOR_IDENTIFIER=Intel64 Family 6 Model 58 Stepping 9, GenuineIntel



---------------  S Y S T E M  ---------------

OS: Windows 8.1 , 64 bit Build 9600 (6.3.9600.17415)

CPU:total 4 (2 cores per cpu, 2 threads per core) family 6 model 58 stepping 9, cmov, cx8, fxsr, mmx, sse, sse2, sse3, ssse3, sse4.1, sse4.2, popcnt, avx, aes, clmul, erms, ht, tsc, tscinvbit, tscinv

Memory: 4k page, physical 8337772k(959156k free), swap 12433772k(5460k free)

vm_info: Java HotSpot(TM) 64-Bit Server VM (25.51-b03) for windows-amd64 JRE (1.8.0_51-b16), built on Jun  8 2015 18:03:07 by "java_re" with MS VC++ 10.0 (VS2010)

time: Thu Apr 21 22:01:27 2016
elapsed time: 25 seconds (0d 0h 0m 25s)

