#
# There is insufficient memory for the Java Runtime Environment to continue.
# Native memory allocation (malloc) failed to allocate 262160 bytes for Chunk::new
# Possible reasons:
#   The system is out of physical RAM or swap space
#   In 32 bit mode, the process size limit was hit
# Possible solutions:
#   Reduce memory load on the system
#   Increase physical memory or swap space
#   Check if swap backing store is full
#   Use 64 bit Java on a 64 bit OS
#   Decrease Java heap size (-Xmx/-Xms)
#   Decrease number of Java threads
#   Decrease Java thread stack sizes (-Xss)
#   Set larger code cache with -XX:ReservedCodeCacheSize=
# This output file may be truncated or incomplete.
#
#  Out of Memory Error (allocation.cpp:390), pid=14144, tid=2280
#
# JRE version: Java(TM) SE Runtime Environment (8.0_51-b16) (build 1.8.0_51-b16)
# Java VM: Java HotSpot(TM) 64-Bit Server VM (25.51-b03 mixed mode windows-amd64 compressed oops)
# Failed to write core dump. Minidumps are not enabled by default on client versions of Windows
#

---------------  T H R E A D  ---------------

Current thread (0x000000001548c000):  JavaThread "C2 CompilerThread0" daemon [_thread_in_native, id=2280, stack(0x0000000016980000,0x0000000016a80000)]

Stack: [0x0000000016980000,0x0000000016a80000]
Native frames: (J=compiled Java code, j=interpreted, Vv=VM code, C=native code)
V  [jvm.dll+0x32b4ca]


Current CompileTask:
C2:  29383 2372       4       com.android.dx.dex.code.OutputFinisher::addConstants (93 bytes)


---------------  P R O C E S S  ---------------

Java Threads: ( => current thread )
  0x0000000016b16800 JavaThread "Service Thread" daemon [_thread_blocked, id=15348, stack(0x0000000017080000,0x0000000017180000)]
  0x0000000016a87800 JavaThread "C1 CompilerThread2" daemon [_thread_blocked, id=15908, stack(0x0000000016f80000,0x0000000017080000)]
  0x0000000016a82800 JavaThread "C2 CompilerThread1" daemon [_thread_in_native, id=1016, stack(0x0000000016e80000,0x0000000016f80000)]
=>0x000000001548c000 JavaThread "C2 CompilerThread0" daemon [_thread_in_native, id=2280, stack(0x0000000016980000,0x0000000016a80000)]
  0x0000000015489000 JavaThread "Attach Listener" daemon [_thread_blocked, id=14888, stack(0x0000000016880000,0x0000000016980000)]
  0x000000001543e800 JavaThread "Signal Dispatcher" daemon [_thread_blocked, id=11788, stack(0x0000000016780000,0x0000000016880000)]
  0x0000000002c86800 JavaThread "Finalizer" daemon [_thread_blocked, id=9788, stack(0x0000000016680000,0x0000000016780000)]
  0x0000000002c7d800 JavaThread "Reference Handler" daemon [_thread_blocked, id=3732, stack(0x0000000016580000,0x0000000016680000)]
  0x0000000002d5d800 JavaThread "main" [_thread_in_Java, id=14428, stack(0x0000000002780000,0x0000000002880000)]

Other Threads:
  0x00000000153f8800 VMThread [stack: 0x0000000016480000,0x0000000016580000] [id=2884]
  0x0000000016b21800 WatcherThread [stack: 0x0000000017180000,0x0000000017280000] [id=11180]

VM state:not at safepoint (normal execution)

VM Mutex/Monitor currently owned by a thread: None

Heap:
 PSYoungGen      total 110592K, used 24541K [0x00000000eab00000, 0x00000000fef00000, 0x0000000100000000)
  eden space 105472K, 23% used [0x00000000eab00000,0x00000000ec2f76d0,0x00000000f1200000)
  from space 5120K, 0% used [0x00000000f3200000,0x00000000f3200000,0x00000000f3700000)
  to   space 32768K, 0% used [0x00000000f1200000,0x00000000f1200000,0x00000000f3200000)
 ParOldGen       total 144896K, used 68238K [0x00000000c0000000, 0x00000000c8d80000, 0x00000000eab00000)
  object space 144896K, 47% used [0x00000000c0000000,0x00000000c42a3890,0x00000000c8d80000)
 Metaspace       used 6605K, capacity 7320K, committed 7680K, reserved 1056768K
  class space    used 623K, capacity 656K, committed 768K, reserved 1048576K

Card table byte_map: [0x0000000012120000,0x0000000012330000] byte_map_base: 0x0000000011b20000

Marking Bits: (ParMarkBitMap*) 0x00000000680a4040
 Begin Bits: [0x0000000012890000, 0x0000000013890000)
 End Bits:   [0x0000000013890000, 0x0000000014890000)

Polling page: 0x0000000000f80000

CodeCache: size=245760Kb used=11446Kb max_used=11446Kb free=234313Kb
 bounds [0x0000000002d60000, 0x00000000038a0000, 0x0000000011d60000]
 total_blobs=2540 nmethods=2268 adapters=184
 compilation: enabled

Compilation events (10 events):
Event: 29.336 Thread 0x0000000016a87800 2377       3       java.util.HashMap::keySet (27 bytes)
Event: 29.336 Thread 0x0000000016a87800 nmethod 2377 0x0000000003895350 code [0x00000000038954e0, 0x0000000003895890]
Event: 29.336 Thread 0x0000000016a87800 2378       3       java.util.HashMap$KeySet::iterator (12 bytes)
Event: 29.336 Thread 0x0000000016a87800 nmethod 2378 0x0000000003892710 code [0x0000000003892880, 0x0000000003892ae8]
Event: 29.336 Thread 0x0000000016a87800 2379       3       java.util.HashMap$KeyIterator::<init> (11 bytes)
Event: 29.336 Thread 0x0000000016a87800 nmethod 2379 0x000000000387df50 code [0x000000000387e0c0, 0x000000000387e268]
Event: 29.337 Thread 0x0000000016a87800 2380       3       com.android.dx.dex.file.DebugInfoItem::<init> (36 bytes)
Event: 29.337 Thread 0x0000000016a87800 nmethod 2380 0x0000000003895a50 code [0x0000000003895bc0, 0x0000000003895e98]
Event: 29.360 Thread 0x0000000016a87800 2382       3       java.util.HashSet::<init> (17 bytes)
Event: 29.360 Thread 0x0000000016a87800 nmethod 2382 0x0000000003895f90 code [0x0000000003896140, 0x00000000038964c8]

GC Heap History (10 events):
Event: 14.565 GC heap before
{Heap before GC invocations=3 (full 0):
 PSYoungGen      total 71680K, used 71675K [0x00000000eab00000, 0x00000000ef600000, 0x0000000100000000)
  eden space 66560K, 100% used [0x00000000eab00000,0x00000000eec00000,0x00000000eec00000)
  from space 5120K, 99% used [0x00000000ef100000,0x00000000ef5fed68,0x00000000ef600000)
  to   space 5120K, 0% used [0x00000000eec00000,0x00000000eec00000,0x00000000ef100000)
 ParOldGen       total 87552K, used 3189K [0x00000000c0000000, 0x00000000c5580000, 0x00000000eab00000)
  object space 87552K, 3% used [0x00000000c0000000,0x00000000c031d5a0,0x00000000c5580000)
 Metaspace       used 6266K, capacity 7152K, committed 7296K, reserved 1056768K
  class space    used 598K, capacity 616K, committed 640K, reserved 1048576K
Event: 15.809 GC heap after
Heap after GC invocations=3 (full 0):
 PSYoungGen      total 71680K, used 5110K [0x00000000eab00000, 0x00000000f3700000, 0x0000000100000000)
  eden space 66560K, 0% used [0x00000000eab00000,0x00000000eab00000,0x00000000eec00000)
  from space 5120K, 99% used [0x00000000eec00000,0x00000000ef0fd8b0,0x00000000ef100000)
  to   space 5120K, 0% used [0x00000000f3200000,0x00000000f3200000,0x00000000f3700000)
 ParOldGen       total 87552K, used 13165K [0x00000000c0000000, 0x00000000c5580000, 0x00000000eab00000)
  object space 87552K, 15% used [0x00000000c0000000,0x00000000c0cdb760,0x00000000c5580000)
 Metaspace       used 6266K, capacity 7152K, committed 7296K, reserved 1056768K
  class space    used 598K, capacity 616K, committed 640K, reserved 1048576K
}
Event: 18.693 GC heap before
{Heap before GC invocations=4 (full 0):
 PSYoungGen      total 71680K, used 71670K [0x00000000eab00000, 0x00000000f3700000, 0x0000000100000000)
  eden space 66560K, 100% used [0x00000000eab00000,0x00000000eec00000,0x00000000eec00000)
  from space 5120K, 99% used [0x00000000eec00000,0x00000000ef0fd8b0,0x00000000ef100000)
  to   space 5120K, 0% used [0x00000000f3200000,0x00000000f3200000,0x00000000f3700000)
 ParOldGen       total 87552K, used 13165K [0x00000000c0000000, 0x00000000c5580000, 0x00000000eab00000)
  object space 87552K, 15% used [0x00000000c0000000,0x00000000c0cdb760,0x00000000c5580000)
 Metaspace       used 6361K, capacity 7152K, committed 7296K, reserved 1056768K
  class space    used 598K, capacity 616K, committed 640K, reserved 1048576K
Event: 18.982 GC heap after
Heap after GC invocations=4 (full 0):
 PSYoungGen      total 138240K, used 5113K [0x00000000eab00000, 0x00000000f3700000, 0x0000000100000000)
  eden space 133120K, 0% used [0x00000000eab00000,0x00000000eab00000,0x00000000f2d00000)
  from space 5120K, 99% used [0x00000000f3200000,0x00000000f36fe500,0x00000000f3700000)
  to   space 5120K, 0% used [0x00000000f2d00000,0x00000000f2d00000,0x00000000f3200000)
 ParOldGen       total 87552K, used 23928K [0x00000000c0000000, 0x00000000c5580000, 0x00000000eab00000)
  object space 87552K, 27% used [0x00000000c0000000,0x00000000c175e338,0x00000000c5580000)
 Metaspace       used 6361K, capacity 7152K, committed 7296K, reserved 1056768K
  class space    used 598K, capacity 616K, committed 640K, reserved 1048576K
}
Event: 22.720 GC heap before
{Heap before GC invocations=5 (full 0):
 PSYoungGen      total 138240K, used 138233K [0x00000000eab00000, 0x00000000f3700000, 0x0000000100000000)
  eden space 133120K, 100% used [0x00000000eab00000,0x00000000f2d00000,0x00000000f2d00000)
  from space 5120K, 99% used [0x00000000f3200000,0x00000000f36fe500,0x00000000f3700000)
  to   space 5120K, 0% used [0x00000000f2d00000,0x00000000f2d00000,0x00000000f3200000)
 ParOldGen       total 87552K, used 23928K [0x00000000c0000000, 0x00000000c5580000, 0x00000000eab00000)
  object space 87552K, 27% used [0x00000000c0000000,0x00000000c175e338,0x00000000c5580000)
 Metaspace       used 6497K, capacity 7256K, committed 7424K, reserved 1056768K
  class space    used 618K, capacity 656K, committed 768K, reserved 1048576K
Event: 23.062 GC heap after
Heap after GC invocations=5 (full 0):
 PSYoungGen      total 138240K, used 5096K [0x00000000eab00000, 0x00000000f3700000, 0x0000000100000000)
  eden space 133120K, 0% used [0x00000000eab00000,0x00000000eab00000,0x00000000f2d00000)
  from space 5120K, 99% used [0x00000000f2d00000,0x00000000f31fa1a8,0x00000000f3200000)
  to   space 5120K, 0% used [0x00000000f3200000,0x00000000f3200000,0x00000000f3700000)
 ParOldGen       total 87552K, used 45471K [0x00000000c0000000, 0x00000000c5580000, 0x00000000eab00000)
  object space 87552K, 51% used [0x00000000c0000000,0x00000000c2c67c38,0x00000000c5580000)
 Metaspace       used 6497K, capacity 7256K, committed 7424K, reserved 1056768K
  class space    used 618K, capacity 656K, committed 768K, reserved 1048576K
}
Event: 23.768 GC heap before
{Heap before GC invocations=6 (full 0):
 PSYoungGen      total 138240K, used 138216K [0x00000000eab00000, 0x00000000f3700000, 0x0000000100000000)
  eden space 133120K, 100% used [0x00000000eab00000,0x00000000f2d00000,0x00000000f2d00000)
  from space 5120K, 99% used [0x00000000f2d00000,0x00000000f31fa1a8,0x00000000f3200000)
  to   space 5120K, 0% used [0x00000000f3200000,0x00000000f3200000,0x00000000f3700000)
 ParOldGen       total 87552K, used 45471K [0x00000000c0000000, 0x00000000c5580000, 0x00000000eab00000)
  object space 87552K, 51% used [0x00000000c0000000,0x00000000c2c67c38,0x00000000c5580000)
 Metaspace       used 6510K, capacity 7256K, committed 7424K, reserved 1056768K
  class space    used 618K, capacity 656K, committed 768K, reserved 1048576K
Event: 23.865 GC heap after
Heap after GC invocations=6 (full 0):
 PSYoungGen      total 110592K, used 5102K [0x00000000eab00000, 0x00000000fef00000, 0x0000000100000000)
  eden space 105472K, 0% used [0x00000000eab00000,0x00000000eab00000,0x00000000f1200000)
  from space 5120K, 99% used [0x00000000f3200000,0x00000000f36fbb30,0x00000000f3700000)
  to   space 32768K, 0% used [0x00000000f1200000,0x00000000f1200000,0x00000000f3200000)
 ParOldGen       total 87552K, used 65356K [0x00000000c0000000, 0x00000000c5580000, 0x00000000eab00000)
  object space 87552K, 74% used [0x00000000c0000000,0x00000000c3fd33a0,0x00000000c5580000)
 Metaspace       used 6510K, capacity 7256K, committed 7424K, reserved 1056768K
  class space    used 618K, capacity 656K, committed 768K, reserved 1048576K
}
Event: 23.865 GC heap before
{Heap before GC invocations=7 (full 1):
 PSYoungGen      total 110592K, used 5102K [0x00000000eab00000, 0x00000000fef00000, 0x0000000100000000)
  eden space 105472K, 0% used [0x00000000eab00000,0x00000000eab00000,0x00000000f1200000)
  from space 5120K, 99% used [0x00000000f3200000,0x00000000f36fbb30,0x00000000f3700000)
  to   space 32768K, 0% used [0x00000000f1200000,0x00000000f1200000,0x00000000f3200000)
 ParOldGen       total 87552K, used 65356K [0x00000000c0000000, 0x00000000c5580000, 0x00000000eab00000)
  object space 87552K, 74% used [0x00000000c0000000,0x00000000c3fd33a0,0x00000000c5580000)
 Metaspace       used 6510K, capacity 7256K, committed 7424K, reserved 1056768K
  class space    used 618K, capacity 656K, committed 768K, reserved 1048576K
Event: 27.312 GC heap after
Heap after GC invocations=7 (full 1):
 PSYoungGen      total 110592K, used 0K [0x00000000eab00000, 0x00000000fef00000, 0x0000000100000000)
  eden space 105472K, 0% used [0x00000000eab00000,0x00000000eab00000,0x00000000f1200000)
  from space 5120K, 0% used [0x00000000f3200000,0x00000000f3200000,0x00000000f3700000)
  to   space 32768K, 0% used [0x00000000f1200000,0x00000000f1200000,0x00000000f3200000)
 ParOldGen       total 144896K, used 68238K [0x00000000c0000000, 0x00000000c8d80000, 0x00000000eab00000)
  object space 144896K, 47% used [0x00000000c0000000,0x00000000c42a3890,0x00000000c8d80000)
 Metaspace       used 6510K, capacity 7256K, committed 7424K, reserved 1056768K
  class space    used 618K, capacity 656K, committed 768K, reserved 1048576K
}

Deoptimization events (10 events):
Event: 27.417 Thread 0x0000000016d71800 Uncommon trap: reason=unstable_if action=reinterpret pc=0x000000000343cd18 method=java.util.HashMap.resize()[Ljava/util/HashMap$Node; @ 206
Event: 28.384 Thread 0x0000000016d71800 Uncommon trap: reason=class_check action=maybe_recompile pc=0x00000000038349fc method=com.android.dx.cf.code.BytecodeArray.parseInstruction(ILcom/android/dx/cf/code/BytecodeArray$Visitor;)I @ 971
Event: 28.384 Thread 0x0000000016d71800 Uncommon trap: reason=class_check action=maybe_recompile pc=0x00000000038349fc method=com.android.dx.cf.code.BytecodeArray.parseInstruction(ILcom/android/dx/cf/code/BytecodeArray$Visitor;)I @ 971
Event: 28.384 Thread 0x0000000016d71800 Uncommon trap: reason=class_check action=maybe_recompile pc=0x00000000038349fc method=com.android.dx.cf.code.BytecodeArray.parseInstruction(ILcom/android/dx/cf/code/BytecodeArray$Visitor;)I @ 971
Event: 28.384 Thread 0x0000000016d71800 Uncommon trap: reason=class_check action=maybe_recompile pc=0x00000000038349fc method=com.android.dx.cf.code.BytecodeArray.parseInstruction(ILcom/android/dx/cf/code/BytecodeArray$Visitor;)I @ 971
Event: 28.422 Thread 0x0000000002d5d800 Uncommon trap: reason=class_check action=maybe_recompile pc=0x000000000324c088 method=java.util.Arrays.hashCode([Ljava/lang/Object;)I @ 43
Event: 28.422 Thread 0x0000000002d5d800 Uncommon trap: reason=class_check action=maybe_recompile pc=0x000000000324c088 method=java.util.Arrays.hashCode([Ljava/lang/Object;)I @ 43
Event: 28.423 Thread 0x0000000002d5d800 Uncommon trap: reason=class_check action=maybe_recompile pc=0x000000000324c088 method=java.util.Arrays.hashCode([Ljava/lang/Object;)I @ 43
Event: 28.423 Thread 0x0000000002d5d800 Uncommon trap: reason=class_check action=maybe_recompile pc=0x000000000324c088 method=java.util.Arrays.hashCode([Ljava/lang/Object;)I @ 43
Event: 28.423 Thread 0x0000000002d5d800 Uncommon trap: reason=class_check action=maybe_recompile pc=0x000000000324bab4 method=java.util.Arrays.hashCode([Ljava/lang/Object;)I @ 43

Internal exceptions (7 events):
Event: 0.056 Thread 0x0000000002d5d800 Exception <a 'java/lang/NoSuchMethodError': Method sun.misc.Unsafe.defineClass(Ljava/lang/String;[BII)Ljava/lang/Class; name or signature does not match> (0x00000000eab12b30) thrown at [C:\re\workspace\8-2-build-windows-amd64-cygwin\jdk8u51\3951\hotspot\sra~h¢ﬁ¨?
Event: 0.056 Thread 0x0000000002d5d800 Exception <a 'java/lang/NoSuchMethodError': Method sun.misc.Unsafe.prefetchRead(Ljava/lang/Object;J)V name or signature does not match> (0x00000000eab12dc0) thrown at [C:\re\workspace\8-2-build-windows-amd64-cygwin\jdk8u51\3951\hotspot\src\share\vm\prims\j∆ô«0¥7@
Event: 6.054 Thread 0x0000000016d56000 Implicit null exception at 0x00000000033693c8 to 0x000000000336bce9
Event: 19.037 Thread 0x0000000016d54800 Implicit null exception at 0x00000000033346e0 to 0x0000000003335ed5
Event: 20.943 Thread 0x0000000016d54800 Exception <a 'java/lang/ArrayIndexOutOfBoundsException': 18> (0x00000000f0650048) thrown at [C:\re\workspace\8-2-build-windows-amd64-cygwin\jdk8u51\3951\hotspot\src\share\vm\interpreter\interpreterRuntime.cpp, line 366]
Event: 20.943 Thread 0x0000000016d54800 Exception <a 'java/lang/ArrayIndexOutOfBoundsException'> (0x00000000f0651b18) thrown at [C:\re\workspace\8-2-build-windows-amd64-cygwin\jdk8u51\3951\hotspot\src\share\vm\runtime\sharedRuntime.cpp, line 605]
Event: 20.944 Thread 0x0000000016d54800 Exception <a 'java/lang/ArrayIndexOutOfBoundsException'> (0x00000000f0652d50) thrown at [C:\re\workspace\8-2-build-windows-amd64-cygwin\jdk8u51\3951\hotspot\src\share\vm\runtime\sharedRuntime.cpp, line 605]

Events (10 events):
Event: 28.423 Thread 0x0000000002d5d800 DEOPT UNPACKING pc=0x0000000002da582a sp=0x000000000287ef60 mode 2
Event: 28.423 Thread 0x0000000002d5d800 Uncommon trap: trap_request=0xffffffde fr.pc=0x000000000324bab4
Event: 28.423 Thread 0x0000000002d5d800 DEOPT PACKING pc=0x000000000324bab4 sp=0x000000000287ed00
Event: 28.423 Thread 0x0000000002d5d800 DEOPT UNPACKING pc=0x0000000002da582a sp=0x000000000287ec88 mode 2
Event: 28.424 loading class com/android/dx/rop/cst/Zeroes
Event: 28.424 loading class com/android/dx/rop/cst/Zeroes done
Event: 28.467 Thread 0x0000000002d5d800 DEOPT PACKING pc=0x0000000003867a94 sp=0x000000000287efc0
Event: 28.467 Thread 0x0000000002d5d800 DEOPT UNPACKING pc=0x0000000002da787f sp=0x000000000287ece0 mode 0
Event: 29.319 loading class com/android/dx/dex/file/CatchStructs
Event: 29.319 loading class com/android/dx/dex/file/CatchStructs done


Dynamic libraries:
0x00007ff732d40000 - 0x00007ff732d77000 	C:\Program Files\Java\jdk1.8.0_51\bin\java.exe
0x00007ff887920000 - 0x00007ff887acc000 	C:\Windows\SYSTEM32\ntdll.dll
0x00007ff884e90000 - 0x00007ff884fce000 	C:\Windows\system32\KERNEL32.DLL
0x00007ff8847f0000 - 0x00007ff884905000 	C:\Windows\system32\KERNELBASE.dll
0x00007ff883280000 - 0x00007ff88330e000 	C:\Windows\system32\apphelp.dll
0x00007ff86ea60000 - 0x00007ff86eab3000 	C:\Windows\AppPatch\AppPatch64\AcGenral.DLL
0x00007ff885d10000 - 0x00007ff885dba000 	C:\Windows\system32\msvcrt.dll
0x00007ff884520000 - 0x00007ff88454e000 	C:\Windows\SYSTEM32\SspiCli.dll
0x00007ff885030000 - 0x00007ff885084000 	C:\Windows\system32\SHLWAPI.dll
0x00007ff887420000 - 0x00007ff887597000 	C:\Windows\system32\USER32.dll
0x00007ff885a70000 - 0x00007ff885c04000 	C:\Windows\system32\ole32.dll
0x00007ff885dc0000 - 0x00007ff8872d9000 	C:\Windows\system32\SHELL32.dll
0x00007ff883cf0000 - 0x00007ff883d11000 	C:\Windows\SYSTEM32\USERENV.dll
0x00007ff8875a0000 - 0x00007ff88764a000 	C:\Windows\system32\ADVAPI32.dll
0x00007ff87c790000 - 0x00007ff87c7ae000 	C:\Windows\SYSTEM32\MPR.dll
0x00007ff885530000 - 0x00007ff885671000 	C:\Windows\system32\RPCRT4.dll
0x00007ff885c10000 - 0x00007ff885c69000 	C:\Windows\SYSTEM32\sechost.dll
0x00007ff885250000 - 0x00007ff885461000 	C:\Windows\SYSTEM32\combase.dll
0x00007ff8857b0000 - 0x00007ff885901000 	C:\Windows\system32\GDI32.dll
0x00007ff884680000 - 0x00007ff884695000 	C:\Windows\SYSTEM32\profapi.dll
0x00007ff8831c0000 - 0x00007ff883272000 	C:\Windows\SYSTEM32\SHCORE.dll
0x00007ff885770000 - 0x00007ff8857a6000 	C:\Windows\system32\IMM32.DLL
0x00007ff885910000 - 0x00007ff885a63000 	C:\Windows\system32\MSCTF.dll
0x00007ff8823d0000 - 0x00007ff88264b000 	C:\Windows\WinSxS\amd64_microsoft.windows.common-controls_6595b64144ccf1df_6.0.9600.17415_none_6240486fecbd8abb\COMCTL32.dll
0x0000000067420000 - 0x00000000674f2000 	C:\Program Files\Java\jdk1.8.0_51\jre\bin\msvcr100.dll
0x00000000678a0000 - 0x0000000068123000 	C:\Program Files\Java\jdk1.8.0_51\jre\bin\server\jvm.dll
0x00007ff87c810000 - 0x00007ff87c819000 	C:\Windows\SYSTEM32\WSOCK32.dll
0x00007ff8847b0000 - 0x00007ff8847d2000 	C:\Windows\system32\WINMM.dll
0x00007ff881e80000 - 0x00007ff881e8a000 	C:\Windows\SYSTEM32\VERSION.dll
0x00007ff884ca0000 - 0x00007ff884ca7000 	C:\Windows\system32\PSAPI.DLL
0x00007ff8873a0000 - 0x00007ff8873fa000 	C:\Windows\system32\WS2_32.dll
0x00007ff884760000 - 0x00007ff88478a000 	C:\Windows\system32\WINMMBASE.dll
0x00007ff8877c0000 - 0x00007ff8877c9000 	C:\Windows\system32\NSI.dll
0x00007ff884c50000 - 0x00007ff884c9f000 	C:\Windows\SYSTEM32\cfgmgr32.dll
0x00007ff884730000 - 0x00007ff884758000 	C:\Windows\system32\DEVOBJ.dll
0x0000000067890000 - 0x000000006789f000 	C:\Program Files\Java\jdk1.8.0_51\jre\bin\verify.dll
0x0000000067860000 - 0x0000000067889000 	C:\Program Files\Java\jdk1.8.0_51\jre\bin\java.dll
0x0000000067840000 - 0x0000000067856000 	C:\Program Files\Java\jdk1.8.0_51\jre\bin\zip.dll

VM Arguments:
jvm_args: -Djava.awt.headless=true -Xmx1024M -Dfile.encoding=GBK -Duser.country=CN -Duser.language=zh -Duser.variant 
java_command: com.android.dx.command.Main --dex --num-threads=4 --output D:\Yakami Studio\Android Studio\Uranus\app\build\intermediates\pre-dexed\debug\com.android.support-support-v4-23.1.1_6c3e4130aeeea5a0d020077dece7e52d4c24c490.jar D:\Yakami Studio\Android Studio\Uranus\app\build\intermediates\exploded-aar\com.android.support\support-v4\23.1.1\jars\classes.jar
java_class_path (initial): E:\AndroidSDK\build-tools\23.0.2\lib\dx.jar
Launcher Type: SUN_STANDARD

Environment Variables:
PATH=C:\Python27\;C:\Python27\Scripts;C:\ProgramData\Oracle\Java\javapath;C:\Program Files (x86)\NVIDIA Corporation\PhysX\Common;C:\Windows\system32;C:\Windows;C:\Windows\System32\Wbem;C:\Windows\System32\WindowsPowerShell\v1.0\;C:\Program Files (x86)\Windows Kits\8.1\Windows Performance Toolkit\;C:\Program Files\Microsoft SQL Server\110\Tools\Binn\;D:\Program Files (x86)\QuickTime\QTSystem\;C:\Program Files (x86)\Microsoft SQL Server\100\Tools\Binn\;C:\Program Files\Microsoft SQL Server\100\Tools\Binn\;C:\Program Files\Microsoft SQL Server\100\DTS\Binn\;C:\Program Files (x86)\Microsoft SQL Server\100\Tools\Binn\VSShell\Common7\IDE\;C:\Program Files (x86)\Microsoft Visual Studio 9.0\Common7\IDE\PrivateAssemblies\;C:\Program Files (x86)\Microsoft SQL Server\100\DTS\Binn\;C:\Program Files\Microsoft SQL Server\120\Tools\Binn\;C:\Program Files\nodejs\;C:\Users\Yakami\.dnx\bin;C:\Users\Yakami\AppData\Roaming\npm;C:\Users\Yakami\gradle\gradle-2.12\bin
USERNAME=Yakami
OS=Windows_NT
PROCESSOR_IDENTIFIER=Intel64 Family 6 Model 58 Stepping 9, GenuineIntel



---------------  S Y S T E M  ---------------

OS: Windows 8.1 , 64 bit Build 9600 (6.3.9600.17415)

CPU:total 4 (2 cores per cpu, 2 threads per core) family 6 model 58 stepping 9, cmov, cx8, fxsr, mmx, sse, sse2, sse3, ssse3, sse4.1, sse4.2, popcnt, avx, aes, clmul, erms, ht, tsc, tscinvbit, tscinv

Memory: 4k page, physical 8337772k(995976k free), swap 12433772k(4692k free)

vm_info: Java HotSpot(TM) 64-Bit Server VM (25.51-b03) for windows-amd64 JRE (1.8.0_51-b16), built on Jun  8 2015 18:03:07 by "java_re" with MS VC++ 10.0 (VS2010)

time: Thu Apr 21 21:58:25 2016
elapsed time: 29 seconds (0d 0h 0m 29s)

