#
# There is insufficient memory for the Java Runtime Environment to continue.
# Native memory allocation (malloc) failed to allocate 1759216 bytes for Chunk::new
# Possible reasons:
#   The system is out of physical RAM or swap space
#   In 32 bit mode, the process size limit was hit
# Possible solutions:
#   Reduce memory load on the system
#   Increase physical memory or swap space
#   Check if swap backing store is full
#   Use 64 bit Java on a 64 bit OS
#   Decrease Java heap size (-Xmx/-Xms)
#   Decrease number of Java threads
#   Decrease Java thread stack sizes (-Xss)
#   Set larger code cache with -XX:ReservedCodeCacheSize=
# This output file may be truncated or incomplete.
#
#  Out of Memory Error (allocation.cpp:390), pid=12356, tid=3676
#
# JRE version: Java(TM) SE Runtime Environment (8.0_51-b16) (build 1.8.0_51-b16)
# Java VM: Java HotSpot(TM) 64-Bit Server VM (25.51-b03 mixed mode windows-amd64 compressed oops)
# Failed to write core dump. Minidumps are not enabled by default on client versions of Windows
#

---------------  T H R E A D  ---------------

Current thread (0x0000000014cdc800):  JavaThread "C2 CompilerThread0" daemon [_thread_in_native, id=3676, stack(0x00000000161f0000,0x00000000162f0000)]

Stack: [0x00000000161f0000,0x00000000162f0000]
Native frames: (J=compiled Java code, j=interpreted, Vv=VM code, C=native code)
V  [jvm.dll+0x32b4ca]
V  [jvm.dll+0x2797e3]
V  [jvm.dll+0x27a479]
V  [jvm.dll+0x271765]
V  [jvm.dll+0xcba02]
V  [jvm.dll+0xcbecc]
V  [jvm.dll+0x476f72]
V  [jvm.dll+0x4b95ff]
V  [jvm.dll+0x46bb38]
V  [jvm.dll+0x46cd4e]
V  [jvm.dll+0x4501a2]
V  [jvm.dll+0xa43a2]
V  [jvm.dll+0xa4cdf]
V  [jvm.dll+0x2418a4]
V  [jvm.dll+0x29846a]
C  [msvcr100.dll+0x21d9f]
C  [msvcr100.dll+0x21e3b]
C  [KERNEL32.DLL+0x13d2]
C  [ntdll.dll+0x703c4]


Current CompileTask:
C2:   5029 1551   !   4       com.android.dx.cf.cst.ConstantPoolParser::parse0 (731 bytes)


---------------  P R O C E S S  ---------------

Java Threads: ( => current thread )
  0x0000000016466000 JavaThread "pool-1-thread-2" [_thread_in_Java, id=14768, stack(0x0000000016cf0000,0x0000000016df0000)]
  0x0000000016463800 JavaThread "pool-2-thread-1" [_thread_blocked, id=12696, stack(0x0000000016bf0000,0x0000000016cf0000)]
  0x0000000016352800 JavaThread "Service Thread" daemon [_thread_blocked, id=7164, stack(0x00000000168f0000,0x00000000169f0000)]
  0x000000001634c000 JavaThread "C1 CompilerThread2" daemon [_thread_blocked, id=9668, stack(0x00000000167f0000,0x00000000168f0000)]
  0x0000000016349000 JavaThread "C2 CompilerThread1" daemon [_thread_in_native, id=12152, stack(0x00000000166f0000,0x00000000167f0000)]
=>0x0000000014cdc800 JavaThread "C2 CompilerThread0" daemon [_thread_in_native, id=3676, stack(0x00000000161f0000,0x00000000162f0000)]
  0x0000000014cda000 JavaThread "Attach Listener" daemon [_thread_blocked, id=16600, stack(0x00000000160f0000,0x00000000161f0000)]
  0x0000000014c8f000 JavaThread "Signal Dispatcher" daemon [_thread_blocked, id=13040, stack(0x0000000015ff0000,0x00000000160f0000)]
  0x0000000002230800 JavaThread "Finalizer" daemon [_thread_blocked, id=8816, stack(0x0000000015ef0000,0x0000000015ff0000)]
  0x000000000222d800 JavaThread "Reference Handler" daemon [_thread_blocked, id=14776, stack(0x0000000015df0000,0x0000000015ef0000)]
  0x0000000002142800 JavaThread "main" [_thread_blocked, id=12836, stack(0x00000000008d0000,0x00000000009d0000)]

Other Threads:
  0x0000000014c48800 VMThread [stack: 0x0000000015cf0000,0x0000000015df0000] [id=15400]
  0x0000000016354800 WatcherThread [stack: 0x00000000169f0000,0x0000000016af0000] [id=16144]

VM state:not at safepoint (normal execution)

VM Mutex/Monitor currently owned by a thread: None

Heap:
 PSYoungGen      total 38400K, used 25886K [0x00000000eab00000, 0x00000000ef600000, 0x0000000100000000)
  eden space 33280K, 62% used [0x00000000eab00000,0x00000000ebf4f988,0x00000000ecb80000)
  from space 5120K, 99% used [0x00000000ecb80000,0x00000000ed078008,0x00000000ed080000)
  to   space 5120K, 0% used [0x00000000ef100000,0x00000000ef100000,0x00000000ef600000)
 ParOldGen       total 87552K, used 2599K [0x00000000c0000000, 0x00000000c5580000, 0x00000000eab00000)
  object space 87552K, 2% used [0x00000000c0000000,0x00000000c0289dc8,0x00000000c5580000)
 Metaspace       used 6185K, capacity 7088K, committed 7296K, reserved 1056768K
  class space    used 594K, capacity 616K, committed 640K, reserved 1048576K

Card table byte_map: [0x0000000011970000,0x0000000011b80000] byte_map_base: 0x0000000011370000

Marking Bits: (ParMarkBitMap*) 0x00000000680a4040
 Begin Bits: [0x00000000120e0000, 0x00000000130e0000)
 End Bits:   [0x00000000130e0000, 0x00000000140e0000)

Polling page: 0x0000000000770000

CodeCache: size=245760Kb used=6730Kb max_used=6730Kb free=239029Kb
 bounds [0x00000000025b0000, 0x0000000002c50000, 0x00000000115b0000]
 total_blobs=1866 nmethods=1594 adapters=184
 compilation: enabled

Compilation events (10 events):
Event: 4.960 Thread 0x000000001634c000 nmethod 1587 0x0000000002c1e350 code [0x0000000002c1e540, 0x0000000002c1ec38]
Event: 4.969 Thread 0x000000001634c000 1588       3       com.android.dx.dex.file.CodeItem::<init> (81 bytes)
Event: 4.969 Thread 0x000000001634c000 nmethod 1588 0x0000000002c1f150 code [0x0000000002c1f300, 0x0000000002c1f7f8]
Event: 4.978 Thread 0x000000001634c000 1589   !   3       com.android.dx.cf.attrib.BaseLocalVariables::<init> (42 bytes)
Event: 4.978 Thread 0x000000001634c000 nmethod 1589 0x0000000002c1f9d0 code [0x0000000002c1fb80, 0x0000000002c20148]
Event: 4.986 Thread 0x000000001634c000 1590       3       com.android.dx.cf.code.BaseMachine::popArgs (137 bytes)
Event: 4.988 Thread 0x000000001634c000 nmethod 1590 0x0000000002c20450 code [0x0000000002c207c0, 0x0000000002c221c8]
Event: 4.991 Thread 0x000000001634c000 1591       3       com.android.dx.ssa.MoveParamCombiner::run (45 bytes)
Event: 4.992 Thread 0x000000001634c000 nmethod 1591 0x0000000002c22f50 code [0x0000000002c23120, 0x0000000002c239d8]
Event: 4.992 Thread 0x000000001634c000 1592       3       com.android.dx.ssa.ConstCollector::run (236 bytes)

GC Heap History (2 events):
Event: 2.940 GC heap before
{Heap before GC invocations=1 (full 0):
 PSYoungGen      total 38400K, used 33280K [0x00000000eab00000, 0x00000000ed580000, 0x0000000100000000)
  eden space 33280K, 100% used [0x00000000eab00000,0x00000000ecb80000,0x00000000ecb80000)
  from space 5120K, 0% used [0x00000000ed080000,0x00000000ed080000,0x00000000ed580000)
  to   space 5120K, 0% used [0x00000000ecb80000,0x00000000ecb80000,0x00000000ed080000)
 ParOldGen       total 87552K, used 0K [0x00000000c0000000, 0x00000000c5580000, 0x00000000eab00000)
  object space 87552K, 0% used [0x00000000c0000000,0x00000000c0000000,0x00000000c5580000)
 Metaspace       used 5978K, capacity 6960K, committed 7040K, reserved 1056768K
  class space    used 591K, capacity 616K, committed 640K, reserved 1048576K
Event: 3.288 GC heap after
Heap after GC invocations=1 (full 0):
 PSYoungGen      total 38400K, used 5088K [0x00000000eab00000, 0x00000000ef600000, 0x0000000100000000)
  eden space 33280K, 0% used [0x00000000eab00000,0x00000000eab00000,0x00000000ecb80000)
  from space 5120K, 99% used [0x00000000ecb80000,0x00000000ed078008,0x00000000ed080000)
  to   space 5120K, 0% used [0x00000000ef100000,0x00000000ef100000,0x00000000ef600000)
 ParOldGen       total 87552K, used 2599K [0x00000000c0000000, 0x00000000c5580000, 0x00000000eab00000)
  object space 87552K, 2% used [0x00000000c0000000,0x00000000c0289dc8,0x00000000c5580000)
 Metaspace       used 5978K, capacity 6960K, committed 7040K, reserved 1056768K
  class space    used 591K, capacity 616K, committed 640K, reserved 1048576K
}

Deoptimization events (10 events):
Event: 2.365 Thread 0x00000000164d4800 Uncommon trap: reason=null_check action=make_not_entrant pc=0x000000000293ee70 method=com.android.dx.rop.type.Type.equals(Ljava/lang/Object;)Z @ 8
Event: 2.433 Thread 0x0000000016466000 Uncommon trap: reason=unstable_if action=reinterpret pc=0x0000000002a3b610 method=com.android.dx.ssa.SsaRenamer$BlockRenamer.addMapping(ILcom/android/dx/rop/code/RegisterSpec;)V @ 120
Event: 2.490 Thread 0x0000000016457800 Uncommon trap: reason=unstable_if action=reinterpret pc=0x0000000002a4a0cc method=com.android.dx.rop.code.RegisterSpecSet.put(Lcom/android/dx/rop/code/RegisterSpec;)V @ 77
Event: 2.490 Thread 0x0000000016457800 Uncommon trap: reason=unstable_if action=reinterpret pc=0x0000000002a4f998 method=com.android.dx.rop.code.RegisterSpecSet.put(Lcom/android/dx/rop/code/RegisterSpec;)V @ 77
Event: 2.511 Thread 0x0000000002142800 Uncommon trap: reason=unstable_if action=reinterpret pc=0x0000000002a8ad8c method=com.android.dx.rop.type.Type.intern(Ljava/lang/String;)Lcom/android/dx/rop/type/Type; @ 67
Event: 3.839 Thread 0x0000000016466000 Uncommon trap: reason=bimorphic action=maybe_recompile pc=0x0000000002b22658 method=com.android.dx.ssa.LiteralOpUpgrader.tryReplacingWithConstant(Lcom/android/dx/ssa/NormalSsaInsn;)Z @ 52
Event: 3.876 Thread 0x0000000016466000 Uncommon trap: reason=bimorphic action=maybe_recompile pc=0x0000000002b22658 method=com.android.dx.ssa.LiteralOpUpgrader.tryReplacingWithConstant(Lcom/android/dx/ssa/NormalSsaInsn;)Z @ 52
Event: 3.876 Thread 0x0000000016466000 Uncommon trap: reason=bimorphic action=maybe_recompile pc=0x0000000002b22658 method=com.android.dx.ssa.LiteralOpUpgrader.tryReplacingWithConstant(Lcom/android/dx/ssa/NormalSsaInsn;)Z @ 52
Event: 3.876 Thread 0x0000000016466000 Uncommon trap: reason=bimorphic action=maybe_recompile pc=0x0000000002b22658 method=com.android.dx.ssa.LiteralOpUpgrader.tryReplacingWithConstant(Lcom/android/dx/ssa/NormalSsaInsn;)Z @ 52
Event: 3.926 Thread 0x0000000016466000 Uncommon trap: reason=bimorphic action=maybe_recompile pc=0x0000000002b17d6c method=com.android.dx.ssa.LiteralOpUpgrader.tryReplacingWithConstant(Lcom/android/dx/ssa/NormalSsaInsn;)Z @ 52

Internal exceptions (3 events):
Event: 0.063 Thread 0x0000000002142800 Exception <a 'java/lang/NoSuchMethodError': Method sun.misc.Unsafe.defineClass(Ljava/lang/String;[BII)Ljava/lang/Class; name or signature does not match> (0x00000000eab12b58) thrown at [C:\re\workspace\8-2-build-windows-amd64-cygwin\jdk8u51\3951\hotspot\sr£`Ý«‚.°?
Event: 0.063 Thread 0x0000000002142800 Exception <a 'java/lang/NoSuchMethodError': Method sun.misc.Unsafe.prefetchRead(Ljava/lang/Object;J)V name or signature does not match> (0x00000000eab12de8) thrown at [C:\re\workspace\8-2-build-windows-amd64-cygwin\jdk8u51\3951\hotspot\src\share\vm\prims\jS‚j.Cë@
Event: 2.365 Thread 0x00000000164d4800 Implicit null exception at 0x000000000293ed62 to 0x000000000293ee61

Events (10 events):
Event: 3.926 Thread 0x0000000016466000 DEOPT PACKING pc=0x0000000002b17d6c sp=0x0000000016deed70
Event: 3.926 Thread 0x0000000016466000 DEOPT UNPACKING pc=0x00000000025f582a sp=0x0000000016deed30 mode 2
Event: 4.280 Executing VM operation: EnableBiasedLocking
Event: 4.751 Executing VM operation: EnableBiasedLocking done
Event: 4.773 loading class com/android/dx/rop/code/RegisterSpec$1
Event: 4.773 loading class com/android/dx/rop/code/RegisterSpec$1 done
Event: 4.789 Thread 0x00000000164d4800 DEOPT PACKING pc=0x00000000028d1f7c sp=0x0000000016fee560
Event: 4.808 Thread 0x00000000164d4800 DEOPT UNPACKING pc=0x00000000025f787f sp=0x0000000016fee328 mode 0
Event: 4.859 loading class com/android/dx/cf/iface/ParseObserver
Event: 4.859 loading class com/android/dx/cf/iface/ParseObserver done


Dynamic libraries:
0x00007ff732d40000 - 0x00007ff732d77000 	C:\Program Files\Java\jdk1.8.0_51\bin\java.exe
0x00007ff887920000 - 0x00007ff887acc000 	C:\Windows\SYSTEM32\ntdll.dll
0x00007ff884e90000 - 0x00007ff884fce000 	C:\Windows\system32\KERNEL32.DLL
0x00007ff8847f0000 - 0x00007ff884905000 	C:\Windows\system32\KERNELBASE.dll
0x00007ff883280000 - 0x00007ff88330e000 	C:\Windows\system32\apphelp.dll
0x00007ff86ea60000 - 0x00007ff86eab3000 	C:\Windows\AppPatch\AppPatch64\AcGenral.DLL
0x00007ff885d10000 - 0x00007ff885dba000 	C:\Windows\system32\msvcrt.dll
0x00007ff884520000 - 0x00007ff88454e000 	C:\Windows\SYSTEM32\SspiCli.dll
0x00007ff885030000 - 0x00007ff885084000 	C:\Windows\system32\SHLWAPI.dll
0x00007ff887420000 - 0x00007ff887597000 	C:\Windows\system32\USER32.dll
0x00007ff885a70000 - 0x00007ff885c04000 	C:\Windows\system32\ole32.dll
0x00007ff885dc0000 - 0x00007ff8872d9000 	C:\Windows\system32\SHELL32.dll
0x00007ff883cf0000 - 0x00007ff883d11000 	C:\Windows\SYSTEM32\USERENV.dll
0x00007ff8875a0000 - 0x00007ff88764a000 	C:\Windows\system32\ADVAPI32.dll
0x00007ff87c790000 - 0x00007ff87c7ae000 	C:\Windows\SYSTEM32\MPR.dll
0x00007ff885530000 - 0x00007ff885671000 	C:\Windows\system32\RPCRT4.dll
0x00007ff885c10000 - 0x00007ff885c69000 	C:\Windows\SYSTEM32\sechost.dll
0x00007ff885250000 - 0x00007ff885461000 	C:\Windows\SYSTEM32\combase.dll
0x00007ff8857b0000 - 0x00007ff885901000 	C:\Windows\system32\GDI32.dll
0x00007ff884680000 - 0x00007ff884695000 	C:\Windows\SYSTEM32\profapi.dll
0x00007ff8831c0000 - 0x00007ff883272000 	C:\Windows\SYSTEM32\SHCORE.dll
0x00007ff885770000 - 0x00007ff8857a6000 	C:\Windows\system32\IMM32.DLL
0x00007ff885910000 - 0x00007ff885a63000 	C:\Windows\system32\MSCTF.dll
0x00007ff8823d0000 - 0x00007ff88264b000 	C:\Windows\WinSxS\amd64_microsoft.windows.common-controls_6595b64144ccf1df_6.0.9600.17415_none_6240486fecbd8abb\COMCTL32.dll
0x0000000067420000 - 0x00000000674f2000 	C:\Program Files\Java\jdk1.8.0_51\jre\bin\msvcr100.dll
0x00000000678a0000 - 0x0000000068123000 	C:\Program Files\Java\jdk1.8.0_51\jre\bin\server\jvm.dll
0x00007ff87c810000 - 0x00007ff87c819000 	C:\Windows\SYSTEM32\WSOCK32.dll
0x00007ff8847b0000 - 0x00007ff8847d2000 	C:\Windows\system32\WINMM.dll
0x00007ff881e80000 - 0x00007ff881e8a000 	C:\Windows\SYSTEM32\VERSION.dll
0x00007ff884ca0000 - 0x00007ff884ca7000 	C:\Windows\system32\PSAPI.DLL
0x00007ff8873a0000 - 0x00007ff8873fa000 	C:\Windows\system32\WS2_32.dll
0x00007ff884760000 - 0x00007ff88478a000 	C:\Windows\system32\WINMMBASE.dll
0x00007ff8877c0000 - 0x00007ff8877c9000 	C:\Windows\system32\NSI.dll
0x00007ff884c50000 - 0x00007ff884c9f000 	C:\Windows\SYSTEM32\cfgmgr32.dll
0x00007ff884730000 - 0x00007ff884758000 	C:\Windows\system32\DEVOBJ.dll
0x0000000067890000 - 0x000000006789f000 	C:\Program Files\Java\jdk1.8.0_51\jre\bin\verify.dll
0x0000000067860000 - 0x0000000067889000 	C:\Program Files\Java\jdk1.8.0_51\jre\bin\java.dll
0x0000000067840000 - 0x0000000067856000 	C:\Program Files\Java\jdk1.8.0_51\jre\bin\zip.dll
0x00007ff867d50000 - 0x00007ff867eda000 	C:\Windows\SYSTEM32\dbghelp.dll

VM Arguments:
jvm_args: -Djava.awt.headless=true -Xmx1024M -Dfile.encoding=GBK -Duser.country=CN -Duser.language=zh -Duser.variant 
java_command: com.android.dx.command.Main --dex --num-threads=4 --output D:\Yakami Studio\Android Studio\Uranus\app\build\intermediates\pre-dexed\debug\debug_277369b27ad1cd6bf16202353af805bc85a0f79d.jar D:\Yakami Studio\Android Studio\Uranus\app\build\intermediates\classes\debug
java_class_path (initial): E:\AndroidSDK\build-tools\23.0.2\lib\dx.jar
Launcher Type: SUN_STANDARD

Environment Variables:
PATH=C:\Python27\;C:\Python27\Scripts;C:\ProgramData\Oracle\Java\javapath;C:\Program Files (x86)\NVIDIA Corporation\PhysX\Common;C:\Windows\system32;C:\Windows;C:\Windows\System32\Wbem;C:\Windows\System32\WindowsPowerShell\v1.0\;C:\Program Files (x86)\Windows Kits\8.1\Windows Performance Toolkit\;C:\Program Files\Microsoft SQL Server\110\Tools\Binn\;D:\Program Files (x86)\QuickTime\QTSystem\;C:\Program Files (x86)\Microsoft SQL Server\100\Tools\Binn\;C:\Program Files\Microsoft SQL Server\100\Tools\Binn\;C:\Program Files\Microsoft SQL Server\100\DTS\Binn\;C:\Program Files (x86)\Microsoft SQL Server\100\Tools\Binn\VSShell\Common7\IDE\;C:\Program Files (x86)\Microsoft Visual Studio 9.0\Common7\IDE\PrivateAssemblies\;C:\Program Files (x86)\Microsoft SQL Server\100\DTS\Binn\;C:\Program Files\Microsoft SQL Server\120\Tools\Binn\;C:\Program Files\nodejs\;C:\Users\Yakami\.dnx\bin;C:\Users\Yakami\AppData\Roaming\npm;C:\Users\Yakami\gradle\gradle-2.12\bin
USERNAME=Yakami
OS=Windows_NT
PROCESSOR_IDENTIFIER=Intel64 Family 6 Model 58 Stepping 9, GenuineIntel



---------------  S Y S T E M  ---------------

OS: Windows 8.1 , 64 bit Build 9600 (6.3.9600.17415)

CPU:total 4 (2 cores per cpu, 2 threads per core) family 6 model 58 stepping 9, cmov, cx8, fxsr, mmx, sse, sse2, sse3, ssse3, sse4.1, sse4.2, popcnt, avx, aes, clmul, erms, ht, tsc, tscinvbit, tscinv

Memory: 4k page, physical 8337772k(999576k free), swap 12433772k(5176k free)

vm_info: Java HotSpot(TM) 64-Bit Server VM (25.51-b03) for windows-amd64 JRE (1.8.0_51-b16), built on Jun  8 2015 18:03:07 by "java_re" with MS VC++ 10.0 (VS2010)

time: Thu Apr 21 21:58:25 2016
elapsed time: 5 seconds (0d 0h 0m 5s)

