#
# There is insufficient memory for the Java Runtime Environment to continue.
# Native memory allocation (malloc) failed to allocate 1502416 bytes for Chunk::new
# Possible reasons:
#   The system is out of physical RAM or swap space
#   In 32 bit mode, the process size limit was hit
# Possible solutions:
#   Reduce memory load on the system
#   Increase physical memory or swap space
#   Check if swap backing store is full
#   Use 64 bit Java on a 64 bit OS
#   Decrease Java heap size (-Xmx/-Xms)
#   Decrease number of Java threads
#   Decrease Java thread stack sizes (-Xss)
#   Set larger code cache with -XX:ReservedCodeCacheSize=
# This output file may be truncated or incomplete.
#
#  Out of Memory Error (allocation.cpp:390), pid=15188, tid=16888
#
# JRE version: Java(TM) SE Runtime Environment (8.0_51-b16) (build 1.8.0_51-b16)
# Java VM: Java HotSpot(TM) 64-Bit Server VM (25.51-b03 mixed mode windows-amd64 compressed oops)
# Failed to write core dump. Minidumps are not enabled by default on client versions of Windows
#

---------------  T H R E A D  ---------------

Current thread (0x000000001498c000):  JavaThread "C2 CompilerThread0" daemon [_thread_in_native, id=16888, stack(0x0000000015e80000,0x0000000015f80000)]

Stack: [0x0000000015e80000,0x0000000015f80000]
Native frames: (J=compiled Java code, j=interpreted, Vv=VM code, C=native code)
V  [jvm.dll+0x32b4ca]


Current CompileTask:
C2:   4777 1538   !   4       com.android.dx.cf.code.BytecodeArray::parseInstruction (2764 bytes)


---------------  P R O C E S S  ---------------

Java Threads: ( => current thread )
  0x00000000160f4800 JavaThread "pool-1-thread-2" [_thread_in_Java, id=7820, stack(0x0000000016980000,0x0000000016a80000)]
  0x00000000160f2000 JavaThread "pool-2-thread-1" [_thread_blocked, id=12512, stack(0x0000000016880000,0x0000000016980000)]
  0x0000000015fe1800 JavaThread "Service Thread" daemon [_thread_blocked, id=2148, stack(0x0000000016580000,0x0000000016680000)]
  0x0000000015fdb800 JavaThread "C1 CompilerThread2" daemon [_thread_blocked, id=7124, stack(0x0000000016480000,0x0000000016580000)]
  0x0000000015fd5800 JavaThread "C2 CompilerThread1" daemon [_thread_blocked, id=14472, stack(0x0000000016380000,0x0000000016480000)]
=>0x000000001498c000 JavaThread "C2 CompilerThread0" daemon [_thread_in_native, id=16888, stack(0x0000000015e80000,0x0000000015f80000)]
  0x0000000014989000 JavaThread "Attach Listener" daemon [_thread_blocked, id=10560, stack(0x0000000015d80000,0x0000000015e80000)]
  0x000000001493e800 JavaThread "Signal Dispatcher" daemon [_thread_blocked, id=1088, stack(0x0000000015c80000,0x0000000015d80000)]
  0x0000000001ee6800 JavaThread "Finalizer" daemon [_thread_blocked, id=12060, stack(0x0000000015b80000,0x0000000015c80000)]
  0x0000000001ede800 JavaThread "Reference Handler" daemon [_thread_blocked, id=10676, stack(0x0000000015a80000,0x0000000015b80000)]
  0x0000000001df2800 JavaThread "main" [_thread_blocked, id=12892, stack(0x0000000000540000,0x0000000000640000)]

Other Threads:
  0x00000000148f7800 VMThread [stack: 0x0000000015980000,0x0000000015a80000] [id=11436]
  0x0000000015fe4000 WatcherThread [stack: 0x0000000016680000,0x0000000016780000] [id=10792]

VM state:not at safepoint (normal execution)

VM Mutex/Monitor currently owned by a thread: None

Heap:
 PSYoungGen      total 38400K, used 24046K [0x00000000eab00000, 0x00000000ed580000, 0x0000000100000000)
  eden space 33280K, 56% used [0x00000000eab00000,0x00000000ebd7f868,0x00000000ecb80000)
  from space 5120K, 99% used [0x00000000ecb80000,0x00000000ed07c018,0x00000000ed080000)
  to   space 5120K, 0% used [0x00000000ed080000,0x00000000ed080000,0x00000000ed580000)
 ParOldGen       total 87552K, used 2489K [0x00000000c0000000, 0x00000000c5580000, 0x00000000eab00000)
  object space 87552K, 2% used [0x00000000c0000000,0x00000000c026e540,0x00000000c5580000)
 Metaspace       used 6199K, capacity 7088K, committed 7296K, reserved 1056768K
  class space    used 593K, capacity 616K, committed 640K, reserved 1048576K

Card table byte_map: [0x0000000011620000,0x0000000011830000] byte_map_base: 0x0000000011020000

Marking Bits: (ParMarkBitMap*) 0x00000000680a4040
 Begin Bits: [0x0000000011d90000, 0x0000000012d90000)
 End Bits:   [0x0000000012d90000, 0x0000000013d90000)

Polling page: 0x0000000000380000

CodeCache: size=245760Kb used=6769Kb max_used=6781Kb free=238990Kb
 bounds [0x0000000002260000, 0x0000000002910000, 0x0000000011260000]
 total_blobs=1873 nmethods=1602 adapters=184
 compilation: enabled

Compilation events (10 events):
Event: 4.645 Thread 0x0000000015fd5800 1585       4       com.android.dx.rop.code.RegisterSpec::make (7 bytes)
Event: 4.645 Thread 0x0000000015fd5800 nmethod 1585 0x00000000027f1f50 code [0x00000000027f20a0, 0x00000000027f2108]
Event: 4.645 Thread 0x0000000015fd5800 1542   !   4       com.android.dx.cf.direct.AttributeFactory::parse (248 bytes)
Event: 4.646 Thread 0x0000000015fdb800 1602   !   3       java.io.FileInputStream::close (62 bytes)
Event: 4.646 Thread 0x0000000015fdb800 nmethod 1602 0x00000000028f4350 code [0x00000000028f44e0, 0x00000000028f4b58]
Event: 4.647 Thread 0x0000000015fdb800 1603   !   3       com.android.dx.cf.attrib.AttLineNumberTable::<init> (43 bytes)
Event: 4.647 Thread 0x0000000015fdb800 nmethod 1603 0x00000000029029d0 code [0x0000000002902b80, 0x0000000002903078]
Event: 4.653 Thread 0x0000000015fd5800 nmethod 1542 0x0000000002903310 code [0x00000000029034a0, 0x0000000002903d18]
Event: 4.653 Thread 0x0000000015fd5800 1549       4       com.android.dx.ssa.SsaBasicBlock::<init> (109 bytes)
Event: 4.664 Thread 0x0000000015fd5800 nmethod 1549 0x00000000029044d0 code [0x0000000002904660, 0x0000000002904cf8]

GC Heap History (2 events):
Event: 2.844 GC heap before
{Heap before GC invocations=1 (full 0):
 PSYoungGen      total 38400K, used 33280K [0x00000000eab00000, 0x00000000ed580000, 0x0000000100000000)
  eden space 33280K, 100% used [0x00000000eab00000,0x00000000ecb80000,0x00000000ecb80000)
  from space 5120K, 0% used [0x00000000ed080000,0x00000000ed080000,0x00000000ed580000)
  to   space 5120K, 0% used [0x00000000ecb80000,0x00000000ecb80000,0x00000000ed080000)
 ParOldGen       total 87552K, used 0K [0x00000000c0000000, 0x00000000c5580000, 0x00000000eab00000)
  object space 87552K, 0% used [0x00000000c0000000,0x00000000c0000000,0x00000000c5580000)
 Metaspace       used 6021K, capacity 6960K, committed 7040K, reserved 1056768K
  class space    used 591K, capacity 616K, committed 640K, reserved 1048576K
Event: 3.456 GC heap after
Heap after GC invocations=1 (full 0):
 PSYoungGen      total 38400K, used 5104K [0x00000000eab00000, 0x00000000ed580000, 0x0000000100000000)
  eden space 33280K, 0% used [0x00000000eab00000,0x00000000eab00000,0x00000000ecb80000)
  from space 5120K, 99% used [0x00000000ecb80000,0x00000000ed07c018,0x00000000ed080000)
  to   space 5120K, 0% used [0x00000000ed080000,0x00000000ed080000,0x00000000ed580000)
 ParOldGen       total 87552K, used 2489K [0x00000000c0000000, 0x00000000c5580000, 0x00000000eab00000)
  object space 87552K, 2% used [0x00000000c0000000,0x00000000c026e540,0x00000000c5580000)
 Metaspace       used 6021K, capacity 6960K, committed 7040K, reserved 1056768K
  class space    used 591K, capacity 616K, committed 640K, reserved 1048576K
}

Deoptimization events (10 events):
Event: 1.440 Thread 0x00000000160f1000 Uncommon trap: reason=class_check action=maybe_recompile pc=0x00000000025291f0 method=com.android.dx.ssa.NormalSsaInsn.accept(Lcom/android/dx/ssa/SsaInsn$Visitor;)V @ 9
Event: 1.441 Thread 0x00000000160f1000 Uncommon trap: reason=class_check action=maybe_recompile pc=0x00000000025291f0 method=com.android.dx.ssa.NormalSsaInsn.accept(Lcom/android/dx/ssa/SsaInsn$Visitor;)V @ 9
Event: 1.441 Thread 0x00000000160f1000 Uncommon trap: reason=class_check action=maybe_recompile pc=0x00000000025291f0 method=com.android.dx.ssa.NormalSsaInsn.accept(Lcom/android/dx/ssa/SsaInsn$Visitor;)V @ 9
Event: 1.714 Thread 0x000000001619d800 Uncommon trap: reason=class_check action=maybe_recompile pc=0x000000000266d40c method=com.android.dx.cf.code.BytecodeArray.parseInstruction(ILcom/android/dx/cf/code/BytecodeArray$Visitor;)I @ 2308
Event: 1.714 Thread 0x000000001619d800 Uncommon trap: reason=class_check action=maybe_recompile pc=0x000000000266d40c method=com.android.dx.cf.code.BytecodeArray.parseInstruction(ILcom/android/dx/cf/code/BytecodeArray$Visitor;)I @ 2308
Event: 1.714 Thread 0x000000001619d800 Uncommon trap: reason=class_check action=maybe_recompile pc=0x000000000266d40c method=com.android.dx.cf.code.BytecodeArray.parseInstruction(ILcom/android/dx/cf/code/BytecodeArray$Visitor;)I @ 2308
Event: 1.717 Thread 0x000000001619d800 Uncommon trap: reason=uninitialized action=reinterpret pc=0x000000000266e010 method=com.android.dx.cf.code.BytecodeArray.parseInstruction(ILcom/android/dx/cf/code/BytecodeArray$Visitor;)I @ 871
Event: 1.719 Thread 0x000000001619d800 Uncommon trap: reason=unstable_if action=reinterpret pc=0x000000000267955c method=com.android.dx.rop.code.RegisterSpec.equals(ILcom/android/dx/rop/type/TypeBearer;Lcom/android/dx/rop/code/LocalItem;)Z @ 42
Event: 1.733 Thread 0x00000000160f4800 Uncommon trap: reason=null_check action=make_not_entrant pc=0x00000000025ff960 method=com.android.dx.rop.type.Type.equals(Ljava/lang/Object;)Z @ 8
Event: 1.764 Thread 0x0000000001df2800 Uncommon trap: reason=unstable_if action=reinterpret pc=0x000000000268ced0 method=com.android.dx.rop.type.Type.intern(Ljava/lang/String;)Lcom/android/dx/rop/type/Type; @ 67

Internal exceptions (3 events):
Event: 0.067 Thread 0x0000000001df2800 Exception <a 'java/lang/NoSuchMethodError': Method sun.misc.Unsafe.defineClass(Ljava/lang/String;[BII)Ljava/lang/Class; name or signature does not match> (0x00000000eab12f08) thrown at [C:\re\workspace\8-2-build-windows-amd64-cygwin\jdk8u51\3951\hotspot\sr¸;îoE±?
Event: 0.067 Thread 0x0000000001df2800 Exception <a 'java/lang/NoSuchMethodError': Method sun.misc.Unsafe.prefetchRead(Ljava/lang/Object;J)V name or signature does not match> (0x00000000eab13198) thrown at [C:\re\workspace\8-2-build-windows-amd64-cygwin\jdk8u51\3951\hotspot\src\share\vm\prims\jÁøÍ­D¹û?
Event: 1.733 Thread 0x00000000160f4800 Implicit null exception at 0x00000000025ff862 to 0x00000000025ff952

Events (10 events):
Event: 4.484 Executing VM operation: EnableBiasedLocking done
Event: 4.566 loading class com/android/dx/cf/iface/ParseObserver
Event: 4.566 loading class com/android/dx/cf/iface/ParseObserver done
Event: 4.647 loading class java/util/HashMap$KeySet
Event: 4.647 loading class java/util/HashMap$KeySet done
Event: 4.647 loading class java/util/HashMap$KeyIterator
Event: 4.647 loading class java/util/HashMap$KeyIterator done
Event: 4.650 Thread 0x000000001619d800 Thread exited: 0x000000001619d800
Event: 4.650 Thread 0x00000000160f1000 Thread exited: 0x00000000160f1000
Event: 4.650 Thread 0x00000000161c6000 Thread exited: 0x00000000161c6000


Dynamic libraries:
0x00007ff732d40000 - 0x00007ff732d77000 	C:\Program Files\Java\jdk1.8.0_51\bin\java.exe
0x00007ff887920000 - 0x00007ff887acc000 	C:\Windows\SYSTEM32\ntdll.dll
0x00007ff884e90000 - 0x00007ff884fce000 	C:\Windows\system32\KERNEL32.DLL
0x00007ff8847f0000 - 0x00007ff884905000 	C:\Windows\system32\KERNELBASE.dll
0x00007ff883280000 - 0x00007ff88330e000 	C:\Windows\system32\apphelp.dll
0x00007ff86ea60000 - 0x00007ff86eab3000 	C:\Windows\AppPatch\AppPatch64\AcGenral.DLL
0x00007ff885d10000 - 0x00007ff885dba000 	C:\Windows\system32\msvcrt.dll
0x00007ff884520000 - 0x00007ff88454e000 	C:\Windows\SYSTEM32\SspiCli.dll
0x00007ff885030000 - 0x00007ff885084000 	C:\Windows\system32\SHLWAPI.dll
0x00007ff887420000 - 0x00007ff887597000 	C:\Windows\system32\USER32.dll
0x00007ff885a70000 - 0x00007ff885c04000 	C:\Windows\system32\ole32.dll
0x00007ff885dc0000 - 0x00007ff8872d9000 	C:\Windows\system32\SHELL32.dll
0x00007ff883cf0000 - 0x00007ff883d11000 	C:\Windows\SYSTEM32\USERENV.dll
0x00007ff8875a0000 - 0x00007ff88764a000 	C:\Windows\system32\ADVAPI32.dll
0x00007ff87c790000 - 0x00007ff87c7ae000 	C:\Windows\SYSTEM32\MPR.dll
0x00007ff885530000 - 0x00007ff885671000 	C:\Windows\system32\RPCRT4.dll
0x00007ff885c10000 - 0x00007ff885c69000 	C:\Windows\SYSTEM32\sechost.dll
0x00007ff885250000 - 0x00007ff885461000 	C:\Windows\SYSTEM32\combase.dll
0x00007ff8857b0000 - 0x00007ff885901000 	C:\Windows\system32\GDI32.dll
0x00007ff884680000 - 0x00007ff884695000 	C:\Windows\SYSTEM32\profapi.dll
0x00007ff8831c0000 - 0x00007ff883272000 	C:\Windows\SYSTEM32\SHCORE.dll
0x00007ff885770000 - 0x00007ff8857a6000 	C:\Windows\system32\IMM32.DLL
0x00007ff885910000 - 0x00007ff885a63000 	C:\Windows\system32\MSCTF.dll
0x00007ff8823d0000 - 0x00007ff88264b000 	C:\Windows\WinSxS\amd64_microsoft.windows.common-controls_6595b64144ccf1df_6.0.9600.17415_none_6240486fecbd8abb\COMCTL32.dll
0x0000000067420000 - 0x00000000674f2000 	C:\Program Files\Java\jdk1.8.0_51\jre\bin\msvcr100.dll
0x00000000678a0000 - 0x0000000068123000 	C:\Program Files\Java\jdk1.8.0_51\jre\bin\server\jvm.dll
0x00007ff87c810000 - 0x00007ff87c819000 	C:\Windows\SYSTEM32\WSOCK32.dll
0x00007ff8847b0000 - 0x00007ff8847d2000 	C:\Windows\system32\WINMM.dll
0x00007ff881e80000 - 0x00007ff881e8a000 	C:\Windows\SYSTEM32\VERSION.dll
0x00007ff884ca0000 - 0x00007ff884ca7000 	C:\Windows\system32\PSAPI.DLL
0x00007ff8873a0000 - 0x00007ff8873fa000 	C:\Windows\system32\WS2_32.dll
0x00007ff884760000 - 0x00007ff88478a000 	C:\Windows\system32\WINMMBASE.dll
0x00007ff8877c0000 - 0x00007ff8877c9000 	C:\Windows\system32\NSI.dll
0x00007ff884c50000 - 0x00007ff884c9f000 	C:\Windows\SYSTEM32\cfgmgr32.dll
0x00007ff884730000 - 0x00007ff884758000 	C:\Windows\system32\DEVOBJ.dll
0x0000000067890000 - 0x000000006789f000 	C:\Program Files\Java\jdk1.8.0_51\jre\bin\verify.dll
0x0000000067860000 - 0x0000000067889000 	C:\Program Files\Java\jdk1.8.0_51\jre\bin\java.dll
0x0000000067840000 - 0x0000000067856000 	C:\Program Files\Java\jdk1.8.0_51\jre\bin\zip.dll
0x00007ff867d50000 - 0x00007ff867eda000 	C:\Windows\SYSTEM32\dbghelp.dll

VM Arguments:
jvm_args: -Djava.awt.headless=true -Xmx1024M -Dfile.encoding=GBK -Duser.country=CN -Duser.language=zh -Duser.variant 
java_command: com.android.dx.command.Main --dex --num-threads=4 --output D:\Yakami Studio\Android Studio\Uranus\app\build\intermediates\pre-dexed\debug\debug_277369b27ad1cd6bf16202353af805bc85a0f79d.jar D:\Yakami Studio\Android Studio\Uranus\app\build\intermediates\classes\debug
java_class_path (initial): E:\AndroidSDK\build-tools\23.0.2\lib\dx.jar
Launcher Type: SUN_STANDARD

Environment Variables:
PATH=C:\Python27\;C:\Python27\Scripts;C:\ProgramData\Oracle\Java\javapath;C:\Program Files (x86)\NVIDIA Corporation\PhysX\Common;C:\Windows\system32;C:\Windows;C:\Windows\System32\Wbem;C:\Windows\System32\WindowsPowerShell\v1.0\;C:\Program Files (x86)\Windows Kits\8.1\Windows Performance Toolkit\;C:\Program Files\Microsoft SQL Server\110\Tools\Binn\;D:\Program Files (x86)\QuickTime\QTSystem\;C:\Program Files (x86)\Microsoft SQL Server\100\Tools\Binn\;C:\Program Files\Microsoft SQL Server\100\Tools\Binn\;C:\Program Files\Microsoft SQL Server\100\DTS\Binn\;C:\Program Files (x86)\Microsoft SQL Server\100\Tools\Binn\VSShell\Common7\IDE\;C:\Program Files (x86)\Microsoft Visual Studio 9.0\Common7\IDE\PrivateAssemblies\;C:\Program Files (x86)\Microsoft SQL Server\100\DTS\Binn\;C:\Program Files\Microsoft SQL Server\120\Tools\Binn\;C:\Program Files\nodejs\;C:\Users\Yakami\.dnx\bin;C:\Users\Yakami\AppData\Roaming\npm;C:\Users\Yakami\gradle\gradle-2.12\bin
USERNAME=Yakami
OS=Windows_NT
PROCESSOR_IDENTIFIER=Intel64 Family 6 Model 58 Stepping 9, GenuineIntel



---------------  S Y S T E M  ---------------

OS: Windows 8.1 , 64 bit Build 9600 (6.3.9600.17415)

CPU:total 4 (2 cores per cpu, 2 threads per core) family 6 model 58 stepping 9, cmov, cx8, fxsr, mmx, sse, sse2, sse3, ssse3, sse4.1, sse4.2, popcnt, avx, aes, clmul, erms, ht, tsc, tscinvbit, tscinv

Memory: 4k page, physical 8337772k(948508k free), swap 12433772k(5120k free)

vm_info: Java HotSpot(TM) 64-Bit Server VM (25.51-b03) for windows-amd64 JRE (1.8.0_51-b16), built on Jun  8 2015 18:03:07 by "java_re" with MS VC++ 10.0 (VS2010)

time: Thu Apr 21 22:01:27 2016
elapsed time: 4 seconds (0d 0h 0m 4s)

